[ 2017-03-30T10:46:40+08:00 ] 127.0.0.1 /Object/
INFO: [ app_init ] --START--
INFO: Run Behavior\BuildLiteBehavior [ RunTime:0.000000s ]
INFO: [ app_init ] --END-- [ RunTime:0.001000s ]
INFO: [ app_begin ] --START--
INFO: Run Behavior\ReadHtmlCacheBehavior [ RunTime:0.001000s ]
INFO: [ app_begin ] --END-- [ RunTime:0.001000s ]
NOTIC: [8] A session had already been started - ignoring session_start() C:\xampp\htdocs\Object\ThinkPHP\Common\functions.php 第 1263 行.
ERR: SQLSTATE[HY000] [1045] Access denied for user 'root'@'localhost' (using password: YES)

[ 2017-03-30T10:46:55+08:00 ] 127.0.0.1 /Object/
INFO: [ app_init ] --START--
INFO: Run Behavior\BuildLiteBehavior [ RunTime:0.000000s ]
INFO: [ app_init ] --END-- [ RunTime:0.001001s ]
INFO: [ app_begin ] --START--
INFO: Run Behavior\ReadHtmlCacheBehavior [ RunTime:0.001000s ]
INFO: [ app_begin ] --END-- [ RunTime:0.001000s ]
NOTIC: [8] A session had already been started - ignoring session_start() C:\xampp\htdocs\Object\ThinkPHP\Common\functions.php 第 1263 行.
SQL: SHOW COLUMNS FROM `luntan` [ RunTime:0.0140s ]
SQL: SELECT COUNT(*) AS tp_count FROM `luntan` LIMIT 1   [ RunTime:0.0010s ]
SQL: SELECT * FROM `luntan` INNER JOIN users ON users.id = luntan.user_id  ORDER BY luntan_id desc LIMIT 0,4   [ RunTime:0.0610s ]
NOTIC: [8] Undefined index: users C:\xampp\htdocs\Object\Application\Home\Controller\IndexController.class.php 第 12 行.
INFO: [ view_parse ] --START--
INFO: [ template_filter ] --START--
INFO: Run Behavior\ContentReplaceBehavior [ RunTime:0.000000s ]
INFO: [ template_filter ] --END-- [ RunTime:0.000000s ]
INFO: Run Behavior\ParseTemplateBehavior [ RunTime:0.029002s ]
INFO: [ view_parse ] --END-- [ RunTime:0.029002s ]
INFO: [ view_filter ] --START--
INFO: Run Behavior\WriteHtmlCacheBehavior [ RunTime:0.001000s ]
INFO: [ view_filter ] --END-- [ RunTime:0.001000s ]
INFO: [ app_end ] --START--
INFO: Run Behavior\ShowPageTraceBehavior [ RunTime:0.002000s ]
INFO: [ app_end ] --END-- [ RunTime:0.002000s ]

[ 2017-03-30T10:51:18+08:00 ] 127.0.0.1 /Object/
INFO: [ app_init ] --START--
INFO: Run Behavior\BuildLiteBehavior [ RunTime:0.000000s ]
INFO: [ app_init ] --END-- [ RunTime:0.001000s ]
INFO: [ app_begin ] --START--
INFO: Run Behavior\ReadHtmlCacheBehavior [ RunTime:0.000000s ]
INFO: [ app_begin ] --END-- [ RunTime:0.000000s ]
NOTIC: [8] A session had already been started - ignoring session_start() C:\xampp\htdocs\Object\ThinkPHP\Common\functions.php 第 1263 行.
SQL: SHOW COLUMNS FROM `luntan` [ RunTime:0.0080s ]
SQL: SELECT COUNT(*) AS tp_count FROM `luntan` LIMIT 1   [ RunTime:0.0000s ]
SQL: SELECT * FROM `luntan` INNER JOIN users ON users.id = luntan.user_id  ORDER BY luntan_id desc LIMIT 0,4   [ RunTime:0.0010s ]
NOTIC: [8] Undefined index: users C:\xampp\htdocs\Object\Application\Home\Controller\IndexController.class.php 第 12 行.
INFO: [ view_parse ] --START--
INFO: [ template_filter ] --START--
INFO: Run Behavior\ContentReplaceBehavior [ RunTime:0.000000s ]
INFO: [ template_filter ] --END-- [ RunTime:0.001000s ]
INFO: Run Behavior\ParseTemplateBehavior [ RunTime:0.009001s ]
INFO: [ view_parse ] --END-- [ RunTime:0.009001s ]
INFO: [ view_filter ] --START--
INFO: Run Behavior\WriteHtmlCacheBehavior [ RunTime:0.000000s ]
INFO: [ view_filter ] --END-- [ RunTime:0.000000s ]
INFO: [ app_end ] --START--
INFO: Run Behavior\ShowPageTraceBehavior [ RunTime:0.000000s ]
INFO: [ app_end ] --END-- [ RunTime:0.000000s ]

[ 2017-03-30T10:51:51+08:00 ] 127.0.0.1 /Object/
INFO: [ app_init ] --START--
INFO: Run Behavior\BuildLiteBehavior [ RunTime:0.000000s ]
INFO: [ app_init ] --END-- [ RunTime:0.000000s ]
INFO: [ app_begin ] --START--
INFO: Run Behavior\ReadHtmlCacheBehavior [ RunTime:0.000000s ]
INFO: [ app_begin ] --END-- [ RunTime:0.001001s ]
NOTIC: [8] A session had already been started - ignoring session_start() C:\xampp\htdocs\Object\ThinkPHP\Common\functions.php 第 1263 行.
SQL: SHOW COLUMNS FROM `luntan` [ RunTime:0.0080s ]
SQL: SELECT COUNT(*) AS tp_count FROM `luntan` LIMIT 1   [ RunTime:0.0000s ]
SQL: SELECT * FROM `luntan` INNER JOIN users ON users.id = luntan.user_id  ORDER BY luntan_id desc LIMIT 0,4   [ RunTime:0.0000s ]
NOTIC: [8] Undefined index: users C:\xampp\htdocs\Object\Application\Home\Controller\IndexController.class.php 第 12 行.
INFO: [ view_parse ] --START--
INFO: [ template_filter ] --START--
INFO: Run Behavior\ContentReplaceBehavior [ RunTime:0.000000s ]
INFO: [ template_filter ] --END-- [ RunTime:0.000000s ]
INFO: Run Behavior\ParseTemplateBehavior [ RunTime:0.009000s ]
INFO: [ view_parse ] --END-- [ RunTime:0.009000s ]
INFO: [ view_filter ] --START--
INFO: Run Behavior\WriteHtmlCacheBehavior [ RunTime:0.001000s ]
INFO: [ view_filter ] --END-- [ RunTime:0.001000s ]
INFO: [ app_end ] --START--
INFO: Run Behavior\ShowPageTraceBehavior [ RunTime:0.000000s ]
INFO: [ app_end ] --END-- [ RunTime:0.000000s ]

[ 2017-03-30T10:52:01+08:00 ] 127.0.0.1 /Object/
INFO: [ app_init ] --START--
INFO: Run Behavior\BuildLiteBehavior [ RunTime:0.000000s ]
INFO: [ app_init ] --END-- [ RunTime:0.000000s ]
INFO: [ app_begin ] --START--
INFO: Run Behavior\ReadHtmlCacheBehavior [ RunTime:0.000000s ]
INFO: [ app_begin ] --END-- [ RunTime:0.000000s ]
NOTIC: [8] A session had already been started - ignoring session_start() C:\xampp\htdocs\Object\ThinkPHP\Common\functions.php 第 1263 行.
SQL: SHOW COLUMNS FROM `luntan` [ RunTime:0.0080s ]
SQL: SELECT COUNT(*) AS tp_count FROM `luntan` LIMIT 1   [ RunTime:0.0010s ]
SQL: SELECT * FROM `luntan` INNER JOIN users ON users.id = luntan.user_id  ORDER BY luntan_id desc LIMIT 0,4   [ RunTime:0.0010s ]
NOTIC: [8] Undefined index: users C:\xampp\htdocs\Object\Application\Home\Controller\IndexController.class.php 第 12 行.
INFO: [ view_parse ] --START--
INFO: [ template_filter ] --START--
INFO: Run Behavior\ContentReplaceBehavior [ RunTime:0.000000s ]
INFO: [ template_filter ] --END-- [ RunTime:0.000000s ]
INFO: Run Behavior\ParseTemplateBehavior [ RunTime:0.009000s ]
INFO: [ view_parse ] --END-- [ RunTime:0.009000s ]
INFO: [ view_filter ] --START--
INFO: Run Behavior\WriteHtmlCacheBehavior [ RunTime:0.000000s ]
INFO: [ view_filter ] --END-- [ RunTime:0.000000s ]
INFO: [ app_end ] --START--
INFO: Run Behavior\ShowPageTraceBehavior [ RunTime:0.001000s ]
INFO: [ app_end ] --END-- [ RunTime:0.001000s ]

[ 2017-03-30T10:52:20+08:00 ] 127.0.0.1 /Object/
INFO: [ app_init ] --START--
INFO: Run Behavior\BuildLiteBehavior [ RunTime:0.000000s ]
INFO: [ app_init ] --END-- [ RunTime:0.000000s ]
INFO: [ app_begin ] --START--
INFO: Run Behavior\ReadHtmlCacheBehavior [ RunTime:0.001000s ]
INFO: [ app_begin ] --END-- [ RunTime:0.001000s ]
NOTIC: [8] A session had already been started - ignoring session_start() C:\xampp\htdocs\Object\ThinkPHP\Common\functions.php 第 1263 行.
SQL: SHOW COLUMNS FROM `luntan` [ RunTime:0.0080s ]
SQL: SELECT COUNT(*) AS tp_count FROM `luntan` LIMIT 1   [ RunTime:0.0000s ]
SQL: SELECT * FROM `luntan` INNER JOIN users ON users.id = luntan.user_id  ORDER BY luntan_id desc LIMIT 0,4   [ RunTime:0.0000s ]
NOTIC: [8] Undefined index: users C:\xampp\htdocs\Object\Application\Home\Controller\IndexController.class.php 第 12 行.
INFO: [ view_parse ] --START--
INFO: [ template_filter ] --START--
INFO: Run Behavior\ContentReplaceBehavior [ RunTime:0.000000s ]
INFO: [ template_filter ] --END-- [ RunTime:0.000000s ]
INFO: Run Behavior\ParseTemplateBehavior [ RunTime:0.012001s ]
INFO: [ view_parse ] --END-- [ RunTime:0.012001s ]
INFO: [ view_filter ] --START--
INFO: Run Behavior\WriteHtmlCacheBehavior [ RunTime:0.000000s ]
INFO: [ view_filter ] --END-- [ RunTime:0.000000s ]
INFO: [ app_end ] --START--
INFO: Run Behavior\ShowPageTraceBehavior [ RunTime:0.001000s ]
INFO: [ app_end ] --END-- [ RunTime:0.001000s ]

[ 2017-03-30T10:52:59+08:00 ] 127.0.0.1 /Object/
INFO: [ app_init ] --START--
INFO: Run Behavior\BuildLiteBehavior [ RunTime:0.000000s ]
INFO: [ app_init ] --END-- [ RunTime:0.001000s ]
INFO: [ app_begin ] --START--
INFO: Run Behavior\ReadHtmlCacheBehavior [ RunTime:0.000000s ]
INFO: [ app_begin ] --END-- [ RunTime:0.000000s ]
NOTIC: [8] A session had already been started - ignoring session_start() C:\xampp\htdocs\Object\ThinkPHP\Common\functions.php 第 1263 行.
SQL: SHOW COLUMNS FROM `luntan` [ RunTime:0.0090s ]
SQL: SELECT COUNT(*) AS tp_count FROM `luntan` LIMIT 1   [ RunTime:0.0000s ]
SQL: SELECT * FROM `luntan` INNER JOIN users ON users.id = luntan.user_id  ORDER BY luntan_id desc LIMIT 0,4   [ RunTime:0.0010s ]
NOTIC: [8] Undefined index: users C:\xampp\htdocs\Object\Application\Home\Controller\IndexController.class.php 第 12 行.
INFO: [ view_parse ] --START--
INFO: [ template_filter ] --START--
INFO: Run Behavior\ContentReplaceBehavior [ RunTime:0.000000s ]
INFO: [ template_filter ] --END-- [ RunTime:0.000000s ]
INFO: Run Behavior\ParseTemplateBehavior [ RunTime:0.009000s ]
INFO: [ view_parse ] --END-- [ RunTime:0.009000s ]
INFO: [ view_filter ] --START--
INFO: Run Behavior\WriteHtmlCacheBehavior [ RunTime:0.001000s ]
INFO: [ view_filter ] --END-- [ RunTime:0.001000s ]
INFO: [ app_end ] --START--
INFO: Run Behavior\ShowPageTraceBehavior [ RunTime:0.000000s ]
INFO: [ app_end ] --END-- [ RunTime:0.000000s ]

[ 2017-03-30T10:54:59+08:00 ] 127.0.0.1 /Object/
INFO: [ app_init ] --START--
INFO: Run Behavior\BuildLiteBehavior [ RunTime:0.000000s ]
INFO: [ app_init ] --END-- [ RunTime:0.000000s ]
INFO: [ app_begin ] --START--
INFO: Run Behavior\ReadHtmlCacheBehavior [ RunTime:0.000000s ]
INFO: [ app_begin ] --END-- [ RunTime:0.000000s ]
NOTIC: [8] A session had already been started - ignoring session_start() C:\xampp\htdocs\Object\ThinkPHP\Common\functions.php 第 1263 行.
SQL: SHOW COLUMNS FROM `luntan` [ RunTime:0.0080s ]
SQL: SELECT COUNT(*) AS tp_count FROM `luntan` LIMIT 1   [ RunTime:0.0000s ]
SQL: SELECT * FROM `luntan` INNER JOIN users ON users.id = luntan.user_id  ORDER BY luntan_id desc LIMIT 0,4   [ RunTime:0.0000s ]
NOTIC: [8] Undefined index: users C:\xampp\htdocs\Object\Application\Home\Controller\IndexController.class.php 第 12 行.
INFO: [ view_parse ] --START--
INFO: [ template_filter ] --START--
INFO: Run Behavior\ContentReplaceBehavior [ RunTime:0.000000s ]
INFO: [ template_filter ] --END-- [ RunTime:0.000000s ]
INFO: Run Behavior\ParseTemplateBehavior [ RunTime:0.009000s ]
INFO: [ view_parse ] --END-- [ RunTime:0.009000s ]
INFO: [ view_filter ] --START--
INFO: Run Behavior\WriteHtmlCacheBehavior [ RunTime:0.000000s ]
INFO: [ view_filter ] --END-- [ RunTime:0.000000s ]
INFO: [ app_end ] --START--
INFO: Run Behavior\ShowPageTraceBehavior [ RunTime:0.001000s ]
INFO: [ app_end ] --END-- [ RunTime:0.001000s ]

[ 2017-03-30T10:55:22+08:00 ] 127.0.0.1 /Object/
INFO: [ app_init ] --START--
INFO: Run Behavior\BuildLiteBehavior [ RunTime:0.000000s ]
INFO: [ app_init ] --END-- [ RunTime:0.000000s ]
INFO: [ app_begin ] --START--
INFO: Run Behavior\ReadHtmlCacheBehavior [ RunTime:0.000000s ]
INFO: [ app_begin ] --END-- [ RunTime:0.000000s ]
NOTIC: [8] A session had already been started - ignoring session_start() C:\xampp\htdocs\Object\ThinkPHP\Common\functions.php 第 1263 行.
SQL: SHOW COLUMNS FROM `luntan` [ RunTime:0.0080s ]
SQL: SELECT COUNT(*) AS tp_count FROM `luntan` LIMIT 1   [ RunTime:0.0010s ]
SQL: SELECT * FROM `luntan` INNER JOIN users ON users.id = luntan.user_id  ORDER BY luntan_id desc LIMIT 0,4   [ RunTime:0.0010s ]
NOTIC: [8] Undefined index: users C:\xampp\htdocs\Object\Application\Home\Controller\IndexController.class.php 第 12 行.
INFO: [ view_parse ] --START--
INFO: [ template_filter ] --START--
INFO: Run Behavior\ContentReplaceBehavior [ RunTime:0.000000s ]
INFO: [ template_filter ] --END-- [ RunTime:0.001000s ]
INFO: Run Behavior\ParseTemplateBehavior [ RunTime:0.009000s ]
INFO: [ view_parse ] --END-- [ RunTime:0.009000s ]
INFO: [ view_filter ] --START--
INFO: Run Behavior\WriteHtmlCacheBehavior [ RunTime:0.000000s ]
INFO: [ view_filter ] --END-- [ RunTime:0.000000s ]
INFO: [ app_end ] --START--
INFO: Run Behavior\ShowPageTraceBehavior [ RunTime:0.001000s ]
INFO: [ app_end ] --END-- [ RunTime:0.001000s ]

[ 2017-03-30T10:55:52+08:00 ] 127.0.0.1 /Object/
INFO: [ app_init ] --START--
INFO: Run Behavior\BuildLiteBehavior [ RunTime:0.000000s ]
INFO: [ app_init ] --END-- [ RunTime:0.001000s ]
INFO: [ app_begin ] --START--
INFO: Run Behavior\ReadHtmlCacheBehavior [ RunTime:0.001000s ]
INFO: [ app_begin ] --END-- [ RunTime:0.001000s ]
NOTIC: [8] A session had already been started - ignoring session_start() C:\xampp\htdocs\Object\ThinkPHP\Common\functions.php 第 1263 行.
SQL: SHOW COLUMNS FROM `luntan` [ RunTime:0.0020s ]
SQL: SELECT COUNT(*) AS tp_count FROM `luntan` LIMIT 1   [ RunTime:0.0000s ]
SQL: SELECT * FROM `luntan` INNER JOIN users ON users.id = luntan.user_id  ORDER BY luntan_id desc LIMIT 0,4   [ RunTime:0.0000s ]
NOTIC: [8] Undefined index: users C:\xampp\htdocs\Object\Application\Home\Controller\IndexController.class.php 第 12 行.
INFO: [ view_parse ] --START--
INFO: [ template_filter ] --START--
INFO: Run Behavior\ContentReplaceBehavior [ RunTime:0.000000s ]
INFO: [ template_filter ] --END-- [ RunTime:0.000000s ]
INFO: Run Behavior\ParseTemplateBehavior [ RunTime:0.008001s ]
INFO: [ view_parse ] --END-- [ RunTime:0.008001s ]
INFO: [ view_filter ] --START--
INFO: Run Behavior\WriteHtmlCacheBehavior [ RunTime:0.000000s ]
INFO: [ view_filter ] --END-- [ RunTime:0.000000s ]
INFO: [ app_end ] --START--
INFO: Run Behavior\ShowPageTraceBehavior [ RunTime:0.001000s ]
INFO: [ app_end ] --END-- [ RunTime:0.001000s ]

[ 2017-03-30T10:58:53+08:00 ] 127.0.0.1 /Object/
INFO: [ app_init ] --START--
INFO: Run Behavior\BuildLiteBehavior [ RunTime:0.000000s ]
INFO: [ app_init ] --END-- [ RunTime:0.001000s ]
INFO: [ app_begin ] --START--
INFO: Run Behavior\ReadHtmlCacheBehavior [ RunTime:0.000000s ]
INFO: [ app_begin ] --END-- [ RunTime:0.000000s ]
NOTIC: [8] A session had already been started - ignoring session_start() C:\xampp\htdocs\Object\ThinkPHP\Common\functions.php 第 1263 行.
SQL: SHOW COLUMNS FROM `luntan` [ RunTime:0.0080s ]
SQL: SELECT COUNT(*) AS tp_count FROM `luntan` LIMIT 1   [ RunTime:0.0000s ]
SQL: SELECT * FROM `luntan` INNER JOIN users ON users.id = luntan.user_id  ORDER BY luntan_id desc LIMIT 0,4   [ RunTime:0.0000s ]
NOTIC: [8] Undefined index: users C:\xampp\htdocs\Object\Application\Home\Controller\IndexController.class.php 第 12 行.
INFO: [ view_parse ] --START--
INFO: [ template_filter ] --START--
INFO: Run Behavior\ContentReplaceBehavior [ RunTime:0.000000s ]
INFO: [ template_filter ] --END-- [ RunTime:0.000000s ]
INFO: Run Behavior\ParseTemplateBehavior [ RunTime:0.010001s ]
INFO: [ view_parse ] --END-- [ RunTime:0.010001s ]
INFO: [ view_filter ] --START--
INFO: Run Behavior\WriteHtmlCacheBehavior [ RunTime:0.000000s ]
INFO: [ view_filter ] --END-- [ RunTime:0.000000s ]
INFO: [ app_end ] --START--
INFO: Run Behavior\ShowPageTraceBehavior [ RunTime:0.001000s ]
INFO: [ app_end ] --END-- [ RunTime:0.001000s ]

[ 2017-03-30T11:00:45+08:00 ] 127.0.0.1 /Object/
INFO: [ app_init ] --START--
INFO: Run Behavior\BuildLiteBehavior [ RunTime:0.000000s ]
INFO: [ app_init ] --END-- [ RunTime:0.000000s ]
INFO: [ app_begin ] --START--
INFO: Run Behavior\ReadHtmlCacheBehavior [ RunTime:0.000000s ]
INFO: [ app_begin ] --END-- [ RunTime:0.000000s ]
NOTIC: [8] A session had already been started - ignoring session_start() C:\xampp\htdocs\Object\ThinkPHP\Common\functions.php 第 1263 行.
SQL: SHOW COLUMNS FROM `luntan` [ RunTime:0.0070s ]
SQL: SELECT COUNT(*) AS tp_count FROM `luntan` LIMIT 1   [ RunTime:0.0000s ]
SQL: SELECT * FROM `luntan` INNER JOIN users ON users.id = luntan.user_id  ORDER BY luntan_id desc LIMIT 0,4   [ RunTime:0.0010s ]
NOTIC: [8] Undefined index: users C:\xampp\htdocs\Object\Application\Home\Controller\IndexController.class.php 第 12 行.
INFO: [ view_parse ] --START--
INFO: [ template_filter ] --START--
INFO: Run Behavior\ContentReplaceBehavior [ RunTime:0.000000s ]
INFO: [ template_filter ] --END-- [ RunTime:0.000000s ]
INFO: Run Behavior\ParseTemplateBehavior [ RunTime:0.010001s ]
INFO: [ view_parse ] --END-- [ RunTime:0.010001s ]
INFO: [ view_filter ] --START--
INFO: Run Behavior\WriteHtmlCacheBehavior [ RunTime:0.000000s ]
INFO: [ view_filter ] --END-- [ RunTime:0.000000s ]
INFO: [ app_end ] --START--
INFO: Run Behavior\ShowPageTraceBehavior [ RunTime:0.001000s ]
INFO: [ app_end ] --END-- [ RunTime:0.001000s ]

[ 2017-03-30T11:07:52+08:00 ] 127.0.0.1 /Object/
INFO: [ app_init ] --START--
INFO: Run Behavior\BuildLiteBehavior [ RunTime:0.000000s ]
INFO: [ app_init ] --END-- [ RunTime:0.000000s ]
INFO: [ app_begin ] --START--
INFO: Run Behavior\ReadHtmlCacheBehavior [ RunTime:0.001000s ]
INFO: [ app_begin ] --END-- [ RunTime:0.001000s ]
NOTIC: [8] A session had already been started - ignoring session_start() C:\xampp\htdocs\Object\ThinkPHP\Common\functions.php 第 1263 行.
SQL: SHOW COLUMNS FROM `luntan` [ RunTime:0.0090s ]
SQL: SELECT COUNT(*) AS tp_count FROM `luntan` LIMIT 1   [ RunTime:0.0000s ]
SQL: SELECT * FROM `luntan` INNER JOIN users ON users.id = luntan.user_id  ORDER BY luntan_id desc LIMIT 0,4   [ RunTime:0.0000s ]
NOTIC: [8] Undefined index: users C:\xampp\htdocs\Object\Application\Home\Controller\IndexController.class.php 第 12 行.
INFO: [ view_parse ] --START--
INFO: [ template_filter ] --START--
INFO: Run Behavior\ContentReplaceBehavior [ RunTime:0.001000s ]
INFO: [ template_filter ] --END-- [ RunTime:0.001000s ]
INFO: Run Behavior\ParseTemplateBehavior [ RunTime:0.010001s ]
INFO: [ view_parse ] --END-- [ RunTime:0.010001s ]
INFO: [ view_filter ] --START--
INFO: Run Behavior\WriteHtmlCacheBehavior [ RunTime:0.000000s ]
INFO: [ view_filter ] --END-- [ RunTime:0.000000s ]
INFO: [ app_end ] --START--
INFO: Run Behavior\ShowPageTraceBehavior [ RunTime:0.000000s ]
INFO: [ app_end ] --END-- [ RunTime:0.000000s ]

[ 2017-03-30T11:08:15+08:00 ] 127.0.0.1 /Object/
INFO: [ app_init ] --START--
INFO: Run Behavior\BuildLiteBehavior [ RunTime:0.000000s ]
INFO: [ app_init ] --END-- [ RunTime:0.000000s ]
INFO: [ app_begin ] --START--
INFO: Run Behavior\ReadHtmlCacheBehavior [ RunTime:0.001000s ]
INFO: [ app_begin ] --END-- [ RunTime:0.001000s ]
NOTIC: [8] A session had already been started - ignoring session_start() C:\xampp\htdocs\Object\ThinkPHP\Common\functions.php 第 1263 行.
SQL: SHOW COLUMNS FROM `luntan` [ RunTime:0.0350s ]
SQL: SELECT COUNT(*) AS tp_count FROM `luntan` LIMIT 1   [ RunTime:0.0000s ]
SQL: SELECT * FROM `luntan` INNER JOIN users ON users.id = luntan.user_id  ORDER BY luntan_id desc LIMIT 0,4   [ RunTime:0.0010s ]
NOTIC: [8] Undefined index: users C:\xampp\htdocs\Object\Application\Home\Controller\IndexController.class.php 第 12 行.
INFO: [ view_parse ] --START--
INFO: [ template_filter ] --START--
INFO: Run Behavior\ContentReplaceBehavior [ RunTime:0.000000s ]
INFO: [ template_filter ] --END-- [ RunTime:0.001000s ]
INFO: Run Behavior\ParseTemplateBehavior [ RunTime:0.009001s ]
INFO: [ view_parse ] --END-- [ RunTime:0.009001s ]
INFO: [ view_filter ] --START--
INFO: Run Behavior\WriteHtmlCacheBehavior [ RunTime:0.000000s ]
INFO: [ view_filter ] --END-- [ RunTime:0.000000s ]
INFO: [ app_end ] --START--
INFO: Run Behavior\ShowPageTraceBehavior [ RunTime:0.001000s ]
INFO: [ app_end ] --END-- [ RunTime:0.001000s ]

[ 2017-03-30T11:08:37+08:00 ] 127.0.0.1 /Object/
INFO: [ app_init ] --START--
INFO: Run Behavior\BuildLiteBehavior [ RunTime:0.000000s ]
INFO: [ app_init ] --END-- [ RunTime:0.000000s ]
INFO: [ app_begin ] --START--
INFO: Run Behavior\ReadHtmlCacheBehavior [ RunTime:0.001000s ]
INFO: [ app_begin ] --END-- [ RunTime:0.001000s ]
NOTIC: [8] A session had already been started - ignoring session_start() C:\xampp\htdocs\Object\ThinkPHP\Common\functions.php 第 1263 行.
SQL: SHOW COLUMNS FROM `luntan` [ RunTime:0.0070s ]
SQL: SELECT COUNT(*) AS tp_count FROM `luntan` LIMIT 1   [ RunTime:0.0000s ]
SQL: SELECT * FROM `luntan` INNER JOIN users ON users.id = luntan.user_id  ORDER BY luntan_id desc LIMIT 0,4   [ RunTime:0.0000s ]
NOTIC: [8] Undefined index: users C:\xampp\htdocs\Object\Application\Home\Controller\IndexController.class.php 第 12 行.
INFO: [ view_parse ] --START--
INFO: [ template_filter ] --START--
INFO: Run Behavior\ContentReplaceBehavior [ RunTime:0.000000s ]
INFO: [ template_filter ] --END-- [ RunTime:0.000000s ]
INFO: Run Behavior\ParseTemplateBehavior [ RunTime:0.010000s ]
INFO: [ view_parse ] --END-- [ RunTime:0.010000s ]
INFO: [ view_filter ] --START--
INFO: Run Behavior\WriteHtmlCacheBehavior [ RunTime:0.000000s ]
INFO: [ view_filter ] --END-- [ RunTime:0.000000s ]
INFO: [ app_end ] --START--
INFO: Run Behavior\ShowPageTraceBehavior [ RunTime:0.001000s ]
INFO: [ app_end ] --END-- [ RunTime:0.001000s ]

