[ 2017-03-31T11:42:53+08:00 ] 127.0.0.1 /Object/
INFO: [ app_init ] --START--
INFO: Run Behavior\BuildLiteBehavior [ RunTime:0.000000s ]
INFO: [ app_init ] --END-- [ RunTime:0.001000s ]
INFO: [ app_begin ] --START--
INFO: Run Behavior\ReadHtmlCacheBehavior [ RunTime:0.000000s ]
INFO: [ app_begin ] --END-- [ RunTime:0.000000s ]
NOTIC: [8] A session had already been started - ignoring session_start() C:\xampp\htdocs\Object\ThinkPHP\Common\functions.php 第 1263 行.
SQL: SHOW COLUMNS FROM `luntan` [ RunTime:0.0090s ]
SQL: SHOW COLUMNS FROM `attractions` [ RunTime:0.0090s ]
SQL: SELECT * FROM `attractions`  [ RunTime:0.0010s ]
SQL: SELECT COUNT(*) AS tp_count FROM `luntan` LIMIT 1   [ RunTime:0.0000s ]
SQL: SELECT * FROM `luntan` INNER JOIN users ON users.id = luntan.user_id  ORDER BY luntan_id desc LIMIT 0,4   [ RunTime:0.0000s ]
NOTIC: [8] Undefined index: users C:\xampp\htdocs\Object\Application\Home\Controller\IndexController.class.php 第 15 行.
SQL: SELECT * FROM `attractions`  [ RunTime:0.0010s ]
INFO: [ view_parse ] --START--
INFO: [ template_filter ] --START--
INFO: Run Behavior\ContentReplaceBehavior [ RunTime:0.000000s ]
INFO: [ template_filter ] --END-- [ RunTime:0.000000s ]
INFO: Run Behavior\ParseTemplateBehavior [ RunTime:0.011000s ]
INFO: [ view_parse ] --END-- [ RunTime:0.011000s ]
INFO: [ view_filter ] --START--
INFO: Run Behavior\WriteHtmlCacheBehavior [ RunTime:0.000000s ]
INFO: [ view_filter ] --END-- [ RunTime:0.000000s ]
INFO: [ app_end ] --START--
INFO: Run Behavior\ShowPageTraceBehavior [ RunTime:0.000000s ]
INFO: [ app_end ] --END-- [ RunTime:0.000000s ]

[ 2017-03-31T11:42:55+08:00 ] 127.0.0.1 /Object/
INFO: [ app_init ] --START--
INFO: Run Behavior\BuildLiteBehavior [ RunTime:0.000000s ]
INFO: [ app_init ] --END-- [ RunTime:0.001000s ]
INFO: [ app_begin ] --START--
INFO: Run Behavior\ReadHtmlCacheBehavior [ RunTime:0.001000s ]
INFO: [ app_begin ] --END-- [ RunTime:0.001000s ]
NOTIC: [8] A session had already been started - ignoring session_start() C:\xampp\htdocs\Object\ThinkPHP\Common\functions.php 第 1263 行.
SQL: SHOW COLUMNS FROM `luntan` [ RunTime:0.0080s ]
SQL: SHOW COLUMNS FROM `attractions` [ RunTime:0.0080s ]
SQL: SELECT * FROM `attractions`  [ RunTime:0.0000s ]
SQL: SELECT COUNT(*) AS tp_count FROM `luntan` LIMIT 1   [ RunTime:0.0000s ]
SQL: SELECT * FROM `luntan` INNER JOIN users ON users.id = luntan.user_id  ORDER BY luntan_id desc LIMIT 0,4   [ RunTime:0.0000s ]
NOTIC: [8] Undefined index: users C:\xampp\htdocs\Object\Application\Home\Controller\IndexController.class.php 第 15 行.
SQL: SELECT * FROM `attractions`  [ RunTime:0.0000s ]
INFO: [ view_parse ] --START--
INFO: [ template_filter ] --START--
INFO: Run Behavior\ContentReplaceBehavior [ RunTime:0.000000s ]
INFO: [ template_filter ] --END-- [ RunTime:0.000000s ]
INFO: Run Behavior\ParseTemplateBehavior [ RunTime:0.010000s ]
INFO: [ view_parse ] --END-- [ RunTime:0.010000s ]
INFO: [ view_filter ] --START--
INFO: Run Behavior\WriteHtmlCacheBehavior [ RunTime:0.000000s ]
INFO: [ view_filter ] --END-- [ RunTime:0.000000s ]
INFO: [ app_end ] --START--
INFO: Run Behavior\ShowPageTraceBehavior [ RunTime:0.001000s ]
INFO: [ app_end ] --END-- [ RunTime:0.001000s ]

[ 2017-03-31T11:43:03+08:00 ] 127.0.0.1 /Object/
INFO: [ app_init ] --START--
INFO: Run Behavior\BuildLiteBehavior [ RunTime:0.000000s ]
INFO: [ app_init ] --END-- [ RunTime:0.000000s ]
INFO: [ app_begin ] --START--
INFO: Run Behavior\ReadHtmlCacheBehavior [ RunTime:0.000000s ]
INFO: [ app_begin ] --END-- [ RunTime:0.001000s ]
NOTIC: [8] A session had already been started - ignoring session_start() C:\xampp\htdocs\Object\ThinkPHP\Common\functions.php 第 1263 行.
SQL: SHOW COLUMNS FROM `luntan` [ RunTime:0.0060s ]
SQL: SHOW COLUMNS FROM `attractions` [ RunTime:0.0080s ]
SQL: SELECT * FROM `attractions`  [ RunTime:0.0000s ]
SQL: SELECT COUNT(*) AS tp_count FROM `luntan` LIMIT 1   [ RunTime:0.0010s ]
SQL: SELECT * FROM `luntan` INNER JOIN users ON users.id = luntan.user_id  ORDER BY luntan_id desc LIMIT 0,4   [ RunTime:0.0000s ]
NOTIC: [8] Undefined index: users C:\xampp\htdocs\Object\Application\Home\Controller\IndexController.class.php 第 15 行.
SQL: SELECT * FROM `attractions`  [ RunTime:0.0000s ]
INFO: [ view_parse ] --START--
INFO: [ template_filter ] --START--
INFO: Run Behavior\ContentReplaceBehavior [ RunTime:0.000000s ]
INFO: [ template_filter ] --END-- [ RunTime:0.000000s ]
INFO: Run Behavior\ParseTemplateBehavior [ RunTime:0.010001s ]
INFO: [ view_parse ] --END-- [ RunTime:0.010001s ]
INFO: [ view_filter ] --START--
INFO: Run Behavior\WriteHtmlCacheBehavior [ RunTime:0.001000s ]
INFO: [ view_filter ] --END-- [ RunTime:0.001000s ]
INFO: [ app_end ] --START--
INFO: Run Behavior\ShowPageTraceBehavior [ RunTime:0.001000s ]
INFO: [ app_end ] --END-- [ RunTime:0.001000s ]

[ 2017-03-31T11:44:16+08:00 ] 127.0.0.1 /Object/
INFO: [ app_init ] --START--
INFO: Run Behavior\BuildLiteBehavior [ RunTime:0.000000s ]
INFO: [ app_init ] --END-- [ RunTime:0.000000s ]
INFO: [ app_begin ] --START--
INFO: Run Behavior\ReadHtmlCacheBehavior [ RunTime:0.001000s ]
INFO: [ app_begin ] --END-- [ RunTime:0.001000s ]
NOTIC: [8] A session had already been started - ignoring session_start() C:\xampp\htdocs\Object\ThinkPHP\Common\functions.php 第 1263 行.
SQL: SHOW COLUMNS FROM `luntan` [ RunTime:0.0110s ]
SQL: SHOW COLUMNS FROM `attractions` [ RunTime:0.0190s ]
SQL: SELECT * FROM `attractions`  [ RunTime:0.0010s ]
SQL: SELECT COUNT(*) AS tp_count FROM `luntan` LIMIT 1   [ RunTime:0.0000s ]
SQL: SELECT * FROM `luntan` INNER JOIN users ON users.id = luntan.user_id  ORDER BY luntan_id desc LIMIT 0,4   [ RunTime:0.0000s ]
NOTIC: [8] Undefined index: users C:\xampp\htdocs\Object\Application\Home\Controller\IndexController.class.php 第 15 行.
SQL: SELECT * FROM `attractions`  [ RunTime:0.0000s ]
INFO: [ view_parse ] --START--
INFO: [ template_filter ] --START--
INFO: Run Behavior\ContentReplaceBehavior [ RunTime:0.000000s ]
INFO: [ template_filter ] --END-- [ RunTime:0.001000s ]
INFO: Run Behavior\ParseTemplateBehavior [ RunTime:0.010000s ]
INFO: [ view_parse ] --END-- [ RunTime:0.010000s ]
INFO: [ view_filter ] --START--
INFO: Run Behavior\WriteHtmlCacheBehavior [ RunTime:0.000000s ]
INFO: [ view_filter ] --END-- [ RunTime:0.000000s ]
INFO: [ app_end ] --START--
INFO: Run Behavior\ShowPageTraceBehavior [ RunTime:0.000000s ]
INFO: [ app_end ] --END-- [ RunTime:0.000000s ]

[ 2017-03-31T11:44:17+08:00 ] 127.0.0.1 /Object/
INFO: [ app_init ] --START--
INFO: Run Behavior\BuildLiteBehavior [ RunTime:0.000000s ]
INFO: [ app_init ] --END-- [ RunTime:0.000000s ]
INFO: [ app_begin ] --START--
INFO: Run Behavior\ReadHtmlCacheBehavior [ RunTime:0.001000s ]
INFO: [ app_begin ] --END-- [ RunTime:0.001000s ]
NOTIC: [8] A session had already been started - ignoring session_start() C:\xampp\htdocs\Object\ThinkPHP\Common\functions.php 第 1263 行.
SQL: SHOW COLUMNS FROM `luntan` [ RunTime:0.0080s ]
SQL: SHOW COLUMNS FROM `attractions` [ RunTime:0.0090s ]
SQL: SELECT * FROM `attractions`  [ RunTime:0.0000s ]
SQL: SELECT COUNT(*) AS tp_count FROM `luntan` LIMIT 1   [ RunTime:0.0010s ]
SQL: SELECT * FROM `luntan` INNER JOIN users ON users.id = luntan.user_id  ORDER BY luntan_id desc LIMIT 0,4   [ RunTime:0.0000s ]
NOTIC: [8] Undefined index: users C:\xampp\htdocs\Object\Application\Home\Controller\IndexController.class.php 第 15 行.
SQL: SELECT * FROM `attractions`  [ RunTime:0.0010s ]
INFO: [ view_parse ] --START--
INFO: [ template_filter ] --START--
INFO: Run Behavior\ContentReplaceBehavior [ RunTime:0.000000s ]
INFO: [ template_filter ] --END-- [ RunTime:0.000000s ]
INFO: Run Behavior\ParseTemplateBehavior [ RunTime:0.010000s ]
INFO: [ view_parse ] --END-- [ RunTime:0.010000s ]
INFO: [ view_filter ] --START--
INFO: Run Behavior\WriteHtmlCacheBehavior [ RunTime:0.000000s ]
INFO: [ view_filter ] --END-- [ RunTime:0.000000s ]
INFO: [ app_end ] --START--
INFO: Run Behavior\ShowPageTraceBehavior [ RunTime:0.000000s ]
INFO: [ app_end ] --END-- [ RunTime:0.000000s ]

[ 2017-03-31T11:44:26+08:00 ] 127.0.0.1 /Object/home/
INFO: [ app_init ] --START--
INFO: Run Behavior\BuildLiteBehavior [ RunTime:0.000000s ]
INFO: [ app_init ] --END-- [ RunTime:0.000000s ]
INFO: [ app_begin ] --START--
INFO: Run Behavior\ReadHtmlCacheBehavior [ RunTime:0.001000s ]
INFO: [ app_begin ] --END-- [ RunTime:0.001000s ]
NOTIC: [8] A session had already been started - ignoring session_start() C:\xampp\htdocs\Object\ThinkPHP\Common\functions.php 第 1263 行.
SQL: SHOW COLUMNS FROM `luntan` [ RunTime:0.0080s ]
SQL: SHOW COLUMNS FROM `attractions` [ RunTime:0.0090s ]
SQL: SELECT * FROM `attractions`  [ RunTime:0.0000s ]
SQL: SELECT COUNT(*) AS tp_count FROM `luntan` LIMIT 1   [ RunTime:0.0000s ]
SQL: SELECT * FROM `luntan` INNER JOIN users ON users.id = luntan.user_id  ORDER BY luntan_id desc LIMIT 0,4   [ RunTime:0.0010s ]
NOTIC: [8] Undefined index: users C:\xampp\htdocs\Object\Application\Home\Controller\IndexController.class.php 第 15 行.
SQL: SELECT * FROM `attractions`  [ RunTime:0.0000s ]
INFO: [ view_parse ] --START--
INFO: [ template_filter ] --START--
INFO: Run Behavior\ContentReplaceBehavior [ RunTime:0.000000s ]
INFO: [ template_filter ] --END-- [ RunTime:0.000000s ]
INFO: Run Behavior\ParseTemplateBehavior [ RunTime:0.011000s ]
INFO: [ view_parse ] --END-- [ RunTime:0.011000s ]
INFO: [ view_filter ] --START--
INFO: Run Behavior\WriteHtmlCacheBehavior [ RunTime:0.000000s ]
INFO: [ view_filter ] --END-- [ RunTime:0.001000s ]
INFO: [ app_end ] --START--
INFO: Run Behavior\ShowPageTraceBehavior [ RunTime:0.001000s ]
INFO: [ app_end ] --END-- [ RunTime:0.001000s ]

[ 2017-03-31T11:45:01+08:00 ] 127.0.0.1 /Object/home/
INFO: [ app_init ] --START--
INFO: Run Behavior\BuildLiteBehavior [ RunTime:0.000000s ]
INFO: [ app_init ] --END-- [ RunTime:0.000000s ]
INFO: [ app_begin ] --START--
INFO: Run Behavior\ReadHtmlCacheBehavior [ RunTime:0.001000s ]
INFO: [ app_begin ] --END-- [ RunTime:0.001000s ]
NOTIC: [8] A session had already been started - ignoring session_start() C:\xampp\htdocs\Object\ThinkPHP\Common\functions.php 第 1263 行.
SQL: SHOW COLUMNS FROM `luntan` [ RunTime:0.0070s ]
SQL: SELECT COUNT(*) AS tp_count FROM `luntan` LIMIT 1   [ RunTime:0.0000s ]
SQL: SELECT * FROM `luntan` INNER JOIN users ON users.id = luntan.user_id  ORDER BY luntan_id desc LIMIT 0,4   [ RunTime:0.0010s ]
NOTIC: [8] Undefined index: users C:\xampp\htdocs\Object\Application\Home\Controller\IndexController.class.php 第 13 行.
SQL: SHOW COLUMNS FROM `attractions` [ RunTime:0.0080s ]
SQL: SELECT * FROM `attractions`  [ RunTime:0.0010s ]
INFO: [ view_parse ] --START--
INFO: [ template_filter ] --START--
INFO: Run Behavior\ContentReplaceBehavior [ RunTime:0.000000s ]
INFO: [ template_filter ] --END-- [ RunTime:0.000000s ]
INFO: Run Behavior\ParseTemplateBehavior [ RunTime:0.010001s ]
INFO: [ view_parse ] --END-- [ RunTime:0.010001s ]
INFO: [ view_filter ] --START--
INFO: Run Behavior\WriteHtmlCacheBehavior [ RunTime:0.001000s ]
INFO: [ view_filter ] --END-- [ RunTime:0.001000s ]
INFO: [ app_end ] --START--
INFO: Run Behavior\ShowPageTraceBehavior [ RunTime:0.001000s ]
INFO: [ app_end ] --END-- [ RunTime:0.001000s ]

[ 2017-03-31T11:45:06+08:00 ] 127.0.0.1 /Object/
INFO: [ app_init ] --START--
INFO: Run Behavior\BuildLiteBehavior [ RunTime:0.000000s ]
INFO: [ app_init ] --END-- [ RunTime:0.001000s ]
INFO: [ app_begin ] --START--
INFO: Run Behavior\ReadHtmlCacheBehavior [ RunTime:0.000000s ]
INFO: [ app_begin ] --END-- [ RunTime:0.000000s ]
NOTIC: [8] A session had already been started - ignoring session_start() C:\xampp\htdocs\Object\ThinkPHP\Common\functions.php 第 1263 行.
SQL: SHOW COLUMNS FROM `luntan` [ RunTime:0.0090s ]
SQL: SELECT COUNT(*) AS tp_count FROM `luntan` LIMIT 1   [ RunTime:0.0000s ]
SQL: SELECT * FROM `luntan` INNER JOIN users ON users.id = luntan.user_id  ORDER BY luntan_id desc LIMIT 0,4   [ RunTime:0.0000s ]
NOTIC: [8] Undefined index: users C:\xampp\htdocs\Object\Application\Home\Controller\IndexController.class.php 第 13 行.
SQL: SHOW COLUMNS FROM `attractions` [ RunTime:0.0080s ]
SQL: SELECT * FROM `attractions`  [ RunTime:0.0010s ]
INFO: [ view_parse ] --START--
INFO: [ template_filter ] --START--
INFO: Run Behavior\ContentReplaceBehavior [ RunTime:0.000000s ]
INFO: [ template_filter ] --END-- [ RunTime:0.000000s ]
INFO: Run Behavior\ParseTemplateBehavior [ RunTime:0.010001s ]
INFO: [ view_parse ] --END-- [ RunTime:0.010001s ]
INFO: [ view_filter ] --START--
INFO: Run Behavior\WriteHtmlCacheBehavior [ RunTime:0.001000s ]
INFO: [ view_filter ] --END-- [ RunTime:0.001000s ]
INFO: [ app_end ] --START--
INFO: Run Behavior\ShowPageTraceBehavior [ RunTime:0.000000s ]
INFO: [ app_end ] --END-- [ RunTime:0.001000s ]

[ 2017-03-31T11:45:19+08:00 ] 127.0.0.1 /Object/
INFO: [ app_init ] --START--
INFO: Run Behavior\BuildLiteBehavior [ RunTime:0.000000s ]
INFO: [ app_init ] --END-- [ RunTime:0.001000s ]
INFO: [ app_begin ] --START--
INFO: Run Behavior\ReadHtmlCacheBehavior [ RunTime:0.001000s ]
INFO: [ app_begin ] --END-- [ RunTime:0.001000s ]
NOTIC: [8] A session had already been started - ignoring session_start() C:\xampp\htdocs\Object\ThinkPHP\Common\functions.php 第 1263 行.
SQL: SHOW COLUMNS FROM `luntan` [ RunTime:0.0080s ]
SQL: SELECT COUNT(*) AS tp_count FROM `luntan` LIMIT 1   [ RunTime:0.0010s ]
SQL: SELECT * FROM `luntan` INNER JOIN users ON users.id = luntan.user_id  ORDER BY luntan_id desc LIMIT 0,4   [ RunTime:0.0000s ]
NOTIC: [8] Undefined index: users C:\xampp\htdocs\Object\Application\Home\Controller\IndexController.class.php 第 13 行.
INFO: [ view_parse ] --START--
INFO: [ template_filter ] --START--
INFO: Run Behavior\ContentReplaceBehavior [ RunTime:0.000000s ]
INFO: [ template_filter ] --END-- [ RunTime:0.000000s ]
INFO: Run Behavior\ParseTemplateBehavior [ RunTime:0.011001s ]
INFO: [ view_parse ] --END-- [ RunTime:0.011001s ]
INFO: [ view_filter ] --START--
INFO: Run Behavior\WriteHtmlCacheBehavior [ RunTime:0.000000s ]
INFO: [ view_filter ] --END-- [ RunTime:0.000000s ]
INFO: [ app_end ] --START--
INFO: Run Behavior\ShowPageTraceBehavior [ RunTime:0.003000s ]
INFO: [ app_end ] --END-- [ RunTime:0.003000s ]

[ 2017-03-31T11:45:22+08:00 ] 127.0.0.1 /Object/
INFO: [ app_init ] --START--
INFO: Run Behavior\BuildLiteBehavior [ RunTime:0.000000s ]
INFO: [ app_init ] --END-- [ RunTime:0.001000s ]
INFO: [ app_begin ] --START--
INFO: Run Behavior\ReadHtmlCacheBehavior [ RunTime:0.000000s ]
INFO: [ app_begin ] --END-- [ RunTime:0.000000s ]
NOTIC: [8] A session had already been started - ignoring session_start() C:\xampp\htdocs\Object\ThinkPHP\Common\functions.php 第 1263 行.
SQL: SHOW COLUMNS FROM `luntan` [ RunTime:0.0100s ]
SQL: SELECT COUNT(*) AS tp_count FROM `luntan` LIMIT 1   [ RunTime:0.0000s ]
SQL: SELECT * FROM `luntan` INNER JOIN users ON users.id = luntan.user_id  ORDER BY luntan_id desc LIMIT 0,4   [ RunTime:0.0000s ]
NOTIC: [8] Undefined index: users C:\xampp\htdocs\Object\Application\Home\Controller\IndexController.class.php 第 13 行.
INFO: [ view_parse ] --START--
INFO: [ template_filter ] --START--
INFO: Run Behavior\ContentReplaceBehavior [ RunTime:0.000000s ]
INFO: [ template_filter ] --END-- [ RunTime:0.000000s ]
INFO: Run Behavior\ParseTemplateBehavior [ RunTime:0.010001s ]
INFO: [ view_parse ] --END-- [ RunTime:0.010001s ]
INFO: [ view_filter ] --START--
INFO: Run Behavior\WriteHtmlCacheBehavior [ RunTime:0.000000s ]
INFO: [ view_filter ] --END-- [ RunTime:0.000000s ]
INFO: [ app_end ] --START--
INFO: Run Behavior\ShowPageTraceBehavior [ RunTime:0.000000s ]
INFO: [ app_end ] --END-- [ RunTime:0.000000s ]

[ 2017-03-31T11:45:41+08:00 ] 127.0.0.1 /Object/
INFO: [ app_init ] --START--
INFO: Run Behavior\BuildLiteBehavior [ RunTime:0.000000s ]
INFO: [ app_init ] --END-- [ RunTime:0.001000s ]
INFO: [ app_begin ] --START--
INFO: Run Behavior\ReadHtmlCacheBehavior [ RunTime:0.001000s ]
INFO: [ app_begin ] --END-- [ RunTime:0.001000s ]
NOTIC: [8] A session had already been started - ignoring session_start() C:\xampp\htdocs\Object\ThinkPHP\Common\functions.php 第 1263 行.
SQL: SHOW COLUMNS FROM `luntan` [ RunTime:0.0020s ]
SQL: SELECT COUNT(*) AS tp_count FROM `luntan` LIMIT 1   [ RunTime:0.0000s ]
SQL: SELECT * FROM `luntan` INNER JOIN users ON users.id = luntan.user_id  ORDER BY luntan_id desc LIMIT 0,4   [ RunTime:0.0010s ]
NOTIC: [8] Undefined index: users C:\xampp\htdocs\Object\Application\Home\Controller\IndexController.class.php 第 12 行.
INFO: [ view_parse ] --START--
INFO: [ template_filter ] --START--
INFO: Run Behavior\ContentReplaceBehavior [ RunTime:0.000000s ]
INFO: [ template_filter ] --END-- [ RunTime:0.000000s ]
INFO: Run Behavior\ParseTemplateBehavior [ RunTime:0.011000s ]
INFO: [ view_parse ] --END-- [ RunTime:0.011000s ]
INFO: [ view_filter ] --START--
INFO: Run Behavior\WriteHtmlCacheBehavior [ RunTime:0.000000s ]
INFO: [ view_filter ] --END-- [ RunTime:0.000000s ]
INFO: [ app_end ] --START--
INFO: Run Behavior\ShowPageTraceBehavior [ RunTime:0.001000s ]
INFO: [ app_end ] --END-- [ RunTime:0.001000s ]

[ 2017-03-31T11:45:51+08:00 ] 127.0.0.1 /Object/
INFO: [ app_init ] --START--
INFO: Run Behavior\BuildLiteBehavior [ RunTime:0.000000s ]
INFO: [ app_init ] --END-- [ RunTime:0.000000s ]
INFO: [ app_begin ] --START--
INFO: Run Behavior\ReadHtmlCacheBehavior [ RunTime:0.001000s ]
INFO: [ app_begin ] --END-- [ RunTime:0.001000s ]
NOTIC: [8] A session had already been started - ignoring session_start() C:\xampp\htdocs\Object\ThinkPHP\Common\functions.php 第 1263 行.
SQL: SHOW COLUMNS FROM `luntan` [ RunTime:0.0020s ]
SQL: SELECT COUNT(*) AS tp_count FROM `luntan` LIMIT 1   [ RunTime:0.0010s ]
SQL: SELECT * FROM `luntan` INNER JOIN users ON users.id = luntan.user_id  ORDER BY luntan_id desc LIMIT 0,4   [ RunTime:0.0000s ]
NOTIC: [8] Undefined index: users C:\xampp\htdocs\Object\Application\Home\Controller\IndexController.class.php 第 12 行.
INFO: [ view_parse ] --START--
INFO: [ template_filter ] --START--
INFO: Run Behavior\ContentReplaceBehavior [ RunTime:0.000000s ]
INFO: [ template_filter ] --END-- [ RunTime:0.000000s ]
INFO: Run Behavior\ParseTemplateBehavior [ RunTime:0.009000s ]
INFO: [ view_parse ] --END-- [ RunTime:0.009000s ]
INFO: [ view_filter ] --START--
INFO: Run Behavior\WriteHtmlCacheBehavior [ RunTime:0.001000s ]
INFO: [ view_filter ] --END-- [ RunTime:0.001000s ]
INFO: [ app_end ] --START--
INFO: Run Behavior\ShowPageTraceBehavior [ RunTime:0.001000s ]
INFO: [ app_end ] --END-- [ RunTime:0.001000s ]

[ 2017-03-31T11:45:54+08:00 ] 127.0.0.1 /Object/
INFO: [ app_init ] --START--
INFO: Run Behavior\BuildLiteBehavior [ RunTime:0.000000s ]
INFO: [ app_init ] --END-- [ RunTime:0.001000s ]
INFO: [ app_begin ] --START--
INFO: Run Behavior\ReadHtmlCacheBehavior [ RunTime:0.000000s ]
INFO: [ app_begin ] --END-- [ RunTime:0.000000s ]
NOTIC: [8] A session had already been started - ignoring session_start() C:\xampp\htdocs\Object\ThinkPHP\Common\functions.php 第 1263 行.
SQL: SHOW COLUMNS FROM `luntan` [ RunTime:0.0090s ]
SQL: SELECT COUNT(*) AS tp_count FROM `luntan` LIMIT 1   [ RunTime:0.0000s ]
SQL: SELECT * FROM `luntan` INNER JOIN users ON users.id = luntan.user_id  ORDER BY luntan_id desc LIMIT 0,4   [ RunTime:0.0010s ]
NOTIC: [8] Undefined index: users C:\xampp\htdocs\Object\Application\Home\Controller\IndexController.class.php 第 12 行.
INFO: [ view_parse ] --START--
INFO: [ template_filter ] --START--
INFO: Run Behavior\ContentReplaceBehavior [ RunTime:0.001001s ]
INFO: [ template_filter ] --END-- [ RunTime:0.001001s ]
INFO: Run Behavior\ParseTemplateBehavior [ RunTime:0.010001s ]
INFO: [ view_parse ] --END-- [ RunTime:0.010001s ]
INFO: [ view_filter ] --START--
INFO: Run Behavior\WriteHtmlCacheBehavior [ RunTime:0.001000s ]
INFO: [ view_filter ] --END-- [ RunTime:0.001000s ]
INFO: [ app_end ] --START--
INFO: Run Behavior\ShowPageTraceBehavior [ RunTime:0.000000s ]
INFO: [ app_end ] --END-- [ RunTime:0.000000s ]

[ 2017-03-31T11:46:21+08:00 ] 127.0.0.1 /Object/
INFO: [ app_init ] --START--
INFO: Run Behavior\BuildLiteBehavior [ RunTime:0.000000s ]
INFO: [ app_init ] --END-- [ RunTime:0.001000s ]
INFO: [ app_begin ] --START--
INFO: Run Behavior\ReadHtmlCacheBehavior [ RunTime:0.000000s ]
INFO: [ app_begin ] --END-- [ RunTime:0.001000s ]
NOTIC: [8] A session had already been started - ignoring session_start() C:\xampp\htdocs\Object\ThinkPHP\Common\functions.php 第 1263 行.
SQL: SHOW COLUMNS FROM `luntan` [ RunTime:0.0090s ]
SQL: SELECT COUNT(*) AS tp_count FROM `luntan` LIMIT 1   [ RunTime:0.0000s ]
SQL: SELECT * FROM `luntan` INNER JOIN users ON users.id = luntan.user_id  ORDER BY luntan_id desc LIMIT 0,4   [ RunTime:0.0010s ]
NOTIC: [8] Undefined index: users C:\xampp\htdocs\Object\Application\Home\Controller\IndexController.class.php 第 12 行.
SQL: SHOW COLUMNS FROM `attractions` [ RunTime:0.0070s ]
SQL: SELECT * FROM `attractions`  [ RunTime:0.0000s ]
INFO: [ view_parse ] --START--
INFO: [ template_filter ] --START--
INFO: Run Behavior\ContentReplaceBehavior [ RunTime:0.000000s ]
INFO: [ template_filter ] --END-- [ RunTime:0.000000s ]
INFO: Run Behavior\ParseTemplateBehavior [ RunTime:0.010000s ]
INFO: [ view_parse ] --END-- [ RunTime:0.010000s ]
INFO: [ view_filter ] --START--
INFO: Run Behavior\WriteHtmlCacheBehavior [ RunTime:0.000000s ]
INFO: [ view_filter ] --END-- [ RunTime:0.000000s ]
INFO: [ app_end ] --START--
INFO: Run Behavior\ShowPageTraceBehavior [ RunTime:0.001001s ]
INFO: [ app_end ] --END-- [ RunTime:0.001001s ]

[ 2017-03-31T11:46:51+08:00 ] 127.0.0.1 /Object/
INFO: [ app_init ] --START--
INFO: Run Behavior\BuildLiteBehavior [ RunTime:0.000000s ]
INFO: [ app_init ] --END-- [ RunTime:0.001000s ]
INFO: [ app_begin ] --START--
INFO: Run Behavior\ReadHtmlCacheBehavior [ RunTime:0.001000s ]
INFO: [ app_begin ] --END-- [ RunTime:0.001000s ]
NOTIC: [8] A session had already been started - ignoring session_start() C:\xampp\htdocs\Object\ThinkPHP\Common\functions.php 第 1263 行.
SQL: SHOW COLUMNS FROM `luntan` [ RunTime:0.0090s ]
SQL: SELECT COUNT(*) AS tp_count FROM `luntan` LIMIT 1   [ RunTime:0.0000s ]
SQL: SELECT * FROM `luntan` INNER JOIN users ON users.id = luntan.user_id  ORDER BY luntan_id desc LIMIT 0,4   [ RunTime:0.0010s ]
NOTIC: [8] Undefined index: users C:\xampp\htdocs\Object\Application\Home\Controller\IndexController.class.php 第 12 行.
INFO: [ view_parse ] --START--
INFO: [ template_filter ] --START--
INFO: Run Behavior\ContentReplaceBehavior [ RunTime:0.000000s ]
INFO: [ template_filter ] --END-- [ RunTime:0.000000s ]
INFO: Run Behavior\ParseTemplateBehavior [ RunTime:0.010000s ]
INFO: [ view_parse ] --END-- [ RunTime:0.010000s ]
INFO: [ view_filter ] --START--
INFO: Run Behavior\WriteHtmlCacheBehavior [ RunTime:0.000000s ]
INFO: [ view_filter ] --END-- [ RunTime:0.000000s ]
INFO: [ app_end ] --START--
INFO: Run Behavior\ShowPageTraceBehavior [ RunTime:0.001000s ]
INFO: [ app_end ] --END-- [ RunTime:0.001000s ]

[ 2017-03-31T11:46:52+08:00 ] 127.0.0.1 /Object/
INFO: [ app_init ] --START--
INFO: Run Behavior\BuildLiteBehavior [ RunTime:0.000000s ]
INFO: [ app_init ] --END-- [ RunTime:0.000000s ]
INFO: [ app_begin ] --START--
INFO: Run Behavior\ReadHtmlCacheBehavior [ RunTime:0.001000s ]
INFO: [ app_begin ] --END-- [ RunTime:0.001000s ]
NOTIC: [8] A session had already been started - ignoring session_start() C:\xampp\htdocs\Object\ThinkPHP\Common\functions.php 第 1263 行.
SQL: SHOW COLUMNS FROM `luntan` [ RunTime:0.0070s ]
SQL: SELECT COUNT(*) AS tp_count FROM `luntan` LIMIT 1   [ RunTime:0.0000s ]
SQL: SELECT * FROM `luntan` INNER JOIN users ON users.id = luntan.user_id  ORDER BY luntan_id desc LIMIT 0,4   [ RunTime:0.0010s ]
NOTIC: [8] Undefined index: users C:\xampp\htdocs\Object\Application\Home\Controller\IndexController.class.php 第 12 行.
INFO: [ view_parse ] --START--
INFO: [ template_filter ] --START--
INFO: Run Behavior\ContentReplaceBehavior [ RunTime:0.001000s ]
INFO: [ template_filter ] --END-- [ RunTime:0.001000s ]
INFO: Run Behavior\ParseTemplateBehavior [ RunTime:0.010000s ]
INFO: [ view_parse ] --END-- [ RunTime:0.010000s ]
INFO: [ view_filter ] --START--
INFO: Run Behavior\WriteHtmlCacheBehavior [ RunTime:0.000000s ]
INFO: [ view_filter ] --END-- [ RunTime:0.000000s ]
INFO: [ app_end ] --START--
INFO: Run Behavior\ShowPageTraceBehavior [ RunTime:0.001000s ]
INFO: [ app_end ] --END-- [ RunTime:0.001000s ]

[ 2017-03-31T11:47:40+08:00 ] 127.0.0.1 /Object/
INFO: [ app_init ] --START--
INFO: Run Behavior\BuildLiteBehavior [ RunTime:0.000000s ]
INFO: [ app_init ] --END-- [ RunTime:0.001000s ]
INFO: [ app_begin ] --START--
INFO: Run Behavior\ReadHtmlCacheBehavior [ RunTime:0.001001s ]
INFO: [ app_begin ] --END-- [ RunTime:0.001001s ]
NOTIC: [8] A session had already been started - ignoring session_start() C:\xampp\htdocs\Object\ThinkPHP\Common\functions.php 第 1263 行.
SQL: SHOW COLUMNS FROM `luntan` [ RunTime:0.0090s ]
SQL: SELECT COUNT(*) AS tp_count FROM `luntan` LIMIT 1   [ RunTime:0.0000s ]
SQL: SELECT * FROM `luntan` INNER JOIN users ON users.id = luntan.user_id  ORDER BY luntan_id desc LIMIT 0,4   [ RunTime:0.0010s ]
NOTIC: [8] Undefined index: users C:\xampp\htdocs\Object\Application\Home\Controller\IndexController.class.php 第 12 行.
SQL: SHOW COLUMNS FROM `attractions` [ RunTime:0.0080s ]
SQL: SELECT * FROM `attractions`  [ RunTime:0.0000s ]
INFO: [ view_parse ] --START--
INFO: [ template_filter ] --START--
INFO: Run Behavior\ContentReplaceBehavior [ RunTime:0.000000s ]
INFO: [ template_filter ] --END-- [ RunTime:0.000000s ]
INFO: Run Behavior\ParseTemplateBehavior [ RunTime:0.010001s ]
INFO: [ view_parse ] --END-- [ RunTime:0.010001s ]
INFO: [ view_filter ] --START--
INFO: Run Behavior\WriteHtmlCacheBehavior [ RunTime:0.001000s ]
INFO: [ view_filter ] --END-- [ RunTime:0.001000s ]
INFO: [ app_end ] --START--
INFO: Run Behavior\ShowPageTraceBehavior [ RunTime:0.001000s ]
INFO: [ app_end ] --END-- [ RunTime:0.001000s ]

[ 2017-03-31T11:48:17+08:00 ] 127.0.0.1 /Object/
INFO: [ app_init ] --START--
INFO: Run Behavior\BuildLiteBehavior [ RunTime:0.000000s ]
INFO: [ app_init ] --END-- [ RunTime:0.001000s ]
INFO: [ app_begin ] --START--
INFO: Run Behavior\ReadHtmlCacheBehavior [ RunTime:0.000000s ]
INFO: [ app_begin ] --END-- [ RunTime:0.000000s ]
NOTIC: [8] A session had already been started - ignoring session_start() C:\xampp\htdocs\Object\ThinkPHP\Common\functions.php 第 1263 行.
SQL: SHOW COLUMNS FROM `luntan` [ RunTime:0.0080s ]
SQL: SELECT COUNT(*) AS tp_count FROM `luntan` LIMIT 1   [ RunTime:0.0000s ]
SQL: SELECT * FROM `luntan` INNER JOIN users ON users.id = luntan.user_id  ORDER BY luntan_id desc LIMIT 0,4   [ RunTime:0.0010s ]
NOTIC: [8] Undefined index: users C:\xampp\htdocs\Object\Application\Home\Controller\IndexController.class.php 第 12 行.
SQL: SHOW COLUMNS FROM `attractions` [ RunTime:0.0090s ]
SQL: SELECT * FROM `attractions`  [ RunTime:0.0010s ]
INFO: [ view_parse ] --START--
INFO: [ template_filter ] --START--
INFO: Run Behavior\ContentReplaceBehavior [ RunTime:0.000000s ]
INFO: [ template_filter ] --END-- [ RunTime:0.000000s ]
INFO: Run Behavior\ParseTemplateBehavior [ RunTime:0.010000s ]
INFO: [ view_parse ] --END-- [ RunTime:0.010000s ]
INFO: [ view_filter ] --START--
INFO: Run Behavior\WriteHtmlCacheBehavior [ RunTime:0.001001s ]
INFO: [ view_filter ] --END-- [ RunTime:0.001001s ]
INFO: [ app_end ] --START--
INFO: Run Behavior\ShowPageTraceBehavior [ RunTime:0.000000s ]
INFO: [ app_end ] --END-- [ RunTime:0.000000s ]

[ 2017-03-31T11:48:24+08:00 ] 127.0.0.1 /Object/
INFO: [ app_init ] --START--
INFO: Run Behavior\BuildLiteBehavior [ RunTime:0.000000s ]
INFO: [ app_init ] --END-- [ RunTime:0.001000s ]
INFO: [ app_begin ] --START--
INFO: Run Behavior\ReadHtmlCacheBehavior [ RunTime:0.001000s ]
INFO: [ app_begin ] --END-- [ RunTime:0.001000s ]
NOTIC: [8] A session had already been started - ignoring session_start() C:\xampp\htdocs\Object\ThinkPHP\Common\functions.php 第 1263 行.
SQL: SHOW COLUMNS FROM `luntan` [ RunTime:0.0100s ]
SQL: SELECT COUNT(*) AS tp_count FROM `luntan` LIMIT 1   [ RunTime:0.0000s ]
SQL: SELECT * FROM `luntan` INNER JOIN users ON users.id = luntan.user_id  ORDER BY luntan_id desc LIMIT 0,4   [ RunTime:0.0000s ]
NOTIC: [8] Undefined index: users C:\xampp\htdocs\Object\Application\Home\Controller\IndexController.class.php 第 12 行.
SQL: SHOW COLUMNS FROM `attractions` [ RunTime:0.0090s ]
SQL: SELECT * FROM `attractions`  [ RunTime:0.0000s ]
INFO: [ view_parse ] --START--
INFO: [ template_filter ] --START--
INFO: Run Behavior\ContentReplaceBehavior [ RunTime:0.000000s ]
INFO: [ template_filter ] --END-- [ RunTime:0.000000s ]
INFO: Run Behavior\ParseTemplateBehavior [ RunTime:0.010000s ]
INFO: [ view_parse ] --END-- [ RunTime:0.011000s ]
INFO: [ view_filter ] --START--
INFO: Run Behavior\WriteHtmlCacheBehavior [ RunTime:0.000000s ]
INFO: [ view_filter ] --END-- [ RunTime:0.000000s ]
INFO: [ app_end ] --START--
INFO: Run Behavior\ShowPageTraceBehavior [ RunTime:0.001000s ]
INFO: [ app_end ] --END-- [ RunTime:0.001000s ]

[ 2017-03-31T11:48:52+08:00 ] 127.0.0.1 /Object/
INFO: [ app_init ] --START--
INFO: Run Behavior\BuildLiteBehavior [ RunTime:0.000000s ]
INFO: [ app_init ] --END-- [ RunTime:0.000000s ]
INFO: [ app_begin ] --START--
INFO: Run Behavior\ReadHtmlCacheBehavior [ RunTime:0.001000s ]
INFO: [ app_begin ] --END-- [ RunTime:0.001000s ]
NOTIC: [8] A session had already been started - ignoring session_start() C:\xampp\htdocs\Object\ThinkPHP\Common\functions.php 第 1263 行.
SQL: SHOW COLUMNS FROM `luntan` [ RunTime:0.0080s ]
SQL: SELECT COUNT(*) AS tp_count FROM `luntan` LIMIT 1   [ RunTime:0.0000s ]
SQL: SELECT * FROM `luntan` INNER JOIN users ON users.id = luntan.user_id  ORDER BY luntan_id desc LIMIT 0,4   [ RunTime:0.0000s ]
NOTIC: [8] Undefined index: users C:\xampp\htdocs\Object\Application\Home\Controller\IndexController.class.php 第 12 行.
SQL: SHOW COLUMNS FROM `attractions` [ RunTime:0.0090s ]
SQL: SELECT * FROM `attractions`  [ RunTime:0.0000s ]
INFO: [ view_parse ] --START--
INFO: [ template_filter ] --START--
INFO: Run Behavior\ContentReplaceBehavior [ RunTime:0.001000s ]
INFO: [ template_filter ] --END-- [ RunTime:0.001000s ]
INFO: Run Behavior\ParseTemplateBehavior [ RunTime:0.009000s ]
INFO: [ view_parse ] --END-- [ RunTime:0.009000s ]
INFO: [ view_filter ] --START--
INFO: Run Behavior\WriteHtmlCacheBehavior [ RunTime:0.001000s ]
INFO: [ view_filter ] --END-- [ RunTime:0.001000s ]
INFO: [ app_end ] --START--
INFO: Run Behavior\ShowPageTraceBehavior [ RunTime:0.001000s ]
INFO: [ app_end ] --END-- [ RunTime:0.001000s ]

[ 2017-03-31T11:50:13+08:00 ] 127.0.0.1 /Object/
INFO: [ app_init ] --START--
INFO: Run Behavior\BuildLiteBehavior [ RunTime:0.000000s ]
INFO: [ app_init ] --END-- [ RunTime:0.000000s ]
INFO: [ app_begin ] --START--
INFO: Run Behavior\ReadHtmlCacheBehavior [ RunTime:0.000000s ]
INFO: [ app_begin ] --END-- [ RunTime:0.001000s ]
NOTIC: [8] A session had already been started - ignoring session_start() C:\xampp\htdocs\Object\ThinkPHP\Common\functions.php 第 1263 行.
SQL: SHOW COLUMNS FROM `luntan` [ RunTime:0.0040s ]
SQL: SELECT COUNT(*) AS tp_count FROM `luntan` LIMIT 1   [ RunTime:0.0000s ]
SQL: SELECT * FROM `luntan` INNER JOIN users ON users.id = luntan.user_id  ORDER BY luntan_id desc LIMIT 0,4   [ RunTime:0.0000s ]
NOTIC: [8] Undefined index: users C:\xampp\htdocs\Object\Application\Home\Controller\IndexController.class.php 第 12 行.
SQL: SHOW COLUMNS FROM `attractions` [ RunTime:0.0080s ]
SQL: SELECT * FROM `attractions`  [ RunTime:0.0000s ]
INFO: [ view_parse ] --START--
INFO: [ template_filter ] --START--
INFO: Run Behavior\ContentReplaceBehavior [ RunTime:0.001000s ]
INFO: [ template_filter ] --END-- [ RunTime:0.001000s ]
NOTIC: [8] Array to string conversion C:\xampp\htdocs\Object\Application\Runtime\Cache\Home\2a94b8bda04ff446dcedd42276fc99ee.php 第 201 行.
INFO: Run Behavior\ParseTemplateBehavior [ RunTime:0.010000s ]
INFO: [ view_parse ] --END-- [ RunTime:0.010000s ]
INFO: [ view_filter ] --START--
INFO: Run Behavior\WriteHtmlCacheBehavior [ RunTime:0.001000s ]
INFO: [ view_filter ] --END-- [ RunTime:0.001000s ]
INFO: [ app_end ] --START--
INFO: Run Behavior\ShowPageTraceBehavior [ RunTime:0.001000s ]
INFO: [ app_end ] --END-- [ RunTime:0.001000s ]

[ 2017-03-31T11:50:52+08:00 ] 127.0.0.1 /Object/
INFO: [ app_init ] --START--
INFO: Run Behavior\BuildLiteBehavior [ RunTime:0.000000s ]
INFO: [ app_init ] --END-- [ RunTime:0.001000s ]
INFO: [ app_begin ] --START--
INFO: Run Behavior\ReadHtmlCacheBehavior [ RunTime:0.000000s ]
INFO: [ app_begin ] --END-- [ RunTime:0.000000s ]
NOTIC: [8] A session had already been started - ignoring session_start() C:\xampp\htdocs\Object\ThinkPHP\Common\functions.php 第 1263 行.
SQL: SHOW COLUMNS FROM `luntan` [ RunTime:0.0100s ]
SQL: SELECT COUNT(*) AS tp_count FROM `luntan` LIMIT 1   [ RunTime:0.0000s ]
SQL: SELECT * FROM `luntan` INNER JOIN users ON users.id = luntan.user_id  ORDER BY luntan_id desc LIMIT 0,4   [ RunTime:0.0000s ]
NOTIC: [8] Undefined index: users C:\xampp\htdocs\Object\Application\Home\Controller\IndexController.class.php 第 12 行.
SQL: SHOW COLUMNS FROM `attractions` [ RunTime:0.0100s ]
SQL: SELECT * FROM `attractions`  [ RunTime:0.0010s ]
INFO: [ view_parse ] --START--
INFO: [ template_filter ] --START--
INFO: Run Behavior\ContentReplaceBehavior [ RunTime:0.000000s ]
INFO: [ template_filter ] --END-- [ RunTime:0.000000s ]
INFO: Run Behavior\ParseTemplateBehavior [ RunTime:0.012001s ]
INFO: [ view_parse ] --END-- [ RunTime:0.012001s ]
INFO: [ view_filter ] --START--
INFO: Run Behavior\WriteHtmlCacheBehavior [ RunTime:0.000000s ]
INFO: [ view_filter ] --END-- [ RunTime:0.000000s ]
INFO: [ app_end ] --START--
INFO: Run Behavior\ShowPageTraceBehavior [ RunTime:0.001000s ]
INFO: [ app_end ] --END-- [ RunTime:0.001000s ]

[ 2017-03-31T11:51:15+08:00 ] 127.0.0.1 /Object/
INFO: [ app_init ] --START--
INFO: Run Behavior\BuildLiteBehavior [ RunTime:0.000000s ]
INFO: [ app_init ] --END-- [ RunTime:0.000000s ]
INFO: [ app_begin ] --START--
INFO: Run Behavior\ReadHtmlCacheBehavior [ RunTime:0.000000s ]
INFO: [ app_begin ] --END-- [ RunTime:0.001000s ]
NOTIC: [8] A session had already been started - ignoring session_start() C:\xampp\htdocs\Object\ThinkPHP\Common\functions.php 第 1263 行.
SQL: SHOW COLUMNS FROM `luntan` [ RunTime:0.0020s ]
SQL: SELECT COUNT(*) AS tp_count FROM `luntan` LIMIT 1   [ RunTime:0.0010s ]
SQL: SELECT * FROM `luntan` INNER JOIN users ON users.id = luntan.user_id  ORDER BY luntan_id desc LIMIT 0,4   [ RunTime:0.0010s ]
NOTIC: [8] Undefined index: users C:\xampp\htdocs\Object\Application\Home\Controller\IndexController.class.php 第 12 行.
SQL: SHOW COLUMNS FROM `attractions` [ RunTime:0.0020s ]
SQL: SELECT * FROM `attractions`  [ RunTime:0.0000s ]
INFO: [ view_parse ] --START--
INFO: [ template_filter ] --START--
INFO: Run Behavior\ContentReplaceBehavior [ RunTime:0.000000s ]
INFO: [ template_filter ] --END-- [ RunTime:0.000000s ]
NOTIC: [8] Array to string conversion C:\xampp\htdocs\Object\Application\Runtime\Cache\Home\2a94b8bda04ff446dcedd42276fc99ee.php 第 201 行.
INFO: Run Behavior\ParseTemplateBehavior [ RunTime:0.009000s ]
INFO: [ view_parse ] --END-- [ RunTime:0.009000s ]
INFO: [ view_filter ] --START--
INFO: Run Behavior\WriteHtmlCacheBehavior [ RunTime:0.001001s ]
INFO: [ view_filter ] --END-- [ RunTime:0.001001s ]
INFO: [ app_end ] --START--
INFO: Run Behavior\ShowPageTraceBehavior [ RunTime:0.001000s ]
INFO: [ app_end ] --END-- [ RunTime:0.001000s ]

[ 2017-03-31T11:52:57+08:00 ] 127.0.0.1 /Object/
INFO: [ app_init ] --START--
INFO: Run Behavior\BuildLiteBehavior [ RunTime:0.000000s ]
INFO: [ app_init ] --END-- [ RunTime:0.001000s ]
INFO: [ app_begin ] --START--
INFO: Run Behavior\ReadHtmlCacheBehavior [ RunTime:0.000000s ]
INFO: [ app_begin ] --END-- [ RunTime:0.000000s ]
NOTIC: [8] A session had already been started - ignoring session_start() C:\xampp\htdocs\Object\ThinkPHP\Common\functions.php 第 1263 行.
SQL: SHOW COLUMNS FROM `luntan` [ RunTime:0.0080s ]
SQL: SELECT COUNT(*) AS tp_count FROM `luntan` LIMIT 1   [ RunTime:0.0000s ]
SQL: SELECT * FROM `luntan` INNER JOIN users ON users.id = luntan.user_id  ORDER BY luntan_id desc LIMIT 0,4   [ RunTime:0.0010s ]
NOTIC: [8] Undefined index: users C:\xampp\htdocs\Object\Application\Home\Controller\IndexController.class.php 第 12 行.
SQL: SHOW COLUMNS FROM `attractions` [ RunTime:0.0100s ]
SQL: SELECT * FROM `attractions`  [ RunTime:0.0000s ]
INFO: [ view_parse ] --START--
INFO: [ template_filter ] --START--
INFO: Run Behavior\ContentReplaceBehavior [ RunTime:0.000000s ]
INFO: [ template_filter ] --END-- [ RunTime:0.000000s ]
NOTIC: [8] Array to string conversion C:\xampp\htdocs\Object\Application\Runtime\Cache\Home\2a94b8bda04ff446dcedd42276fc99ee.php 第 201 行.
INFO: Run Behavior\ParseTemplateBehavior [ RunTime:0.010001s ]
INFO: [ view_parse ] --END-- [ RunTime:0.010001s ]
INFO: [ view_filter ] --START--
INFO: Run Behavior\WriteHtmlCacheBehavior [ RunTime:0.001000s ]
INFO: [ view_filter ] --END-- [ RunTime:0.001000s ]
INFO: [ app_end ] --START--
INFO: Run Behavior\ShowPageTraceBehavior [ RunTime:0.001000s ]
INFO: [ app_end ] --END-- [ RunTime:0.001000s ]

[ 2017-03-31T11:54:04+08:00 ] 127.0.0.1 /Object/
INFO: [ app_init ] --START--
INFO: Run Behavior\BuildLiteBehavior [ RunTime:0.000000s ]
INFO: [ app_init ] --END-- [ RunTime:0.001000s ]
INFO: [ app_begin ] --START--
INFO: Run Behavior\ReadHtmlCacheBehavior [ RunTime:0.001000s ]
INFO: [ app_begin ] --END-- [ RunTime:0.001000s ]
NOTIC: [8] A session had already been started - ignoring session_start() C:\xampp\htdocs\Object\ThinkPHP\Common\functions.php 第 1263 行.
SQL: SHOW COLUMNS FROM `luntan` [ RunTime:0.0080s ]
SQL: SELECT COUNT(*) AS tp_count FROM `luntan` LIMIT 1   [ RunTime:0.0000s ]
SQL: SELECT * FROM `luntan` INNER JOIN users ON users.id = luntan.user_id  ORDER BY luntan_id desc LIMIT 0,4   [ RunTime:0.0000s ]
NOTIC: [8] Undefined index: users C:\xampp\htdocs\Object\Application\Home\Controller\IndexController.class.php 第 12 行.
SQL: SHOW COLUMNS FROM `attractions` [ RunTime:0.0090s ]
SQL: SELECT * FROM `attractions`  [ RunTime:0.0010s ]
INFO: [ view_parse ] --START--
INFO: [ template_filter ] --START--
INFO: Run Behavior\ContentReplaceBehavior [ RunTime:0.000000s ]
INFO: [ template_filter ] --END-- [ RunTime:0.000000s ]
NOTIC: [8] Array to string conversion C:\xampp\htdocs\Object\Application\Runtime\Cache\Home\2a94b8bda04ff446dcedd42276fc99ee.php 第 201 行.
INFO: Run Behavior\ParseTemplateBehavior [ RunTime:0.010000s ]
INFO: [ view_parse ] --END-- [ RunTime:0.010000s ]
INFO: [ view_filter ] --START--
INFO: Run Behavior\WriteHtmlCacheBehavior [ RunTime:0.001001s ]
INFO: [ view_filter ] --END-- [ RunTime:0.001001s ]
INFO: [ app_end ] --START--
INFO: Run Behavior\ShowPageTraceBehavior [ RunTime:0.001000s ]
INFO: [ app_end ] --END-- [ RunTime:0.001000s ]

[ 2017-03-31T11:55:07+08:00 ] 127.0.0.1 /Object/
INFO: [ app_init ] --START--
INFO: Run Behavior\BuildLiteBehavior [ RunTime:0.000000s ]
INFO: [ app_init ] --END-- [ RunTime:0.000000s ]
INFO: [ app_begin ] --START--
INFO: Run Behavior\ReadHtmlCacheBehavior [ RunTime:0.000000s ]
INFO: [ app_begin ] --END-- [ RunTime:0.001000s ]
NOTIC: [8] A session had already been started - ignoring session_start() C:\xampp\htdocs\Object\ThinkPHP\Common\functions.php 第 1263 行.
SQL: SHOW COLUMNS FROM `luntan` [ RunTime:0.0020s ]
SQL: SELECT COUNT(*) AS tp_count FROM `luntan` LIMIT 1   [ RunTime:0.0010s ]
SQL: SELECT * FROM `luntan` INNER JOIN users ON users.id = luntan.user_id  ORDER BY luntan_id desc LIMIT 0,4   [ RunTime:0.0010s ]
NOTIC: [8] Undefined index: users C:\xampp\htdocs\Object\Application\Home\Controller\IndexController.class.php 第 12 行.
SQL: SHOW COLUMNS FROM `attractions` [ RunTime:0.0020s ]
SQL: SELECT * FROM `attractions`  [ RunTime:0.0010s ]
INFO: [ view_parse ] --START--
INFO: [ template_filter ] --START--
INFO: Run Behavior\ContentReplaceBehavior [ RunTime:0.000000s ]
INFO: [ template_filter ] --END-- [ RunTime:0.000000s ]
NOTIC: [8] Array to string conversion C:\xampp\htdocs\Object\Application\Runtime\Cache\Home\2a94b8bda04ff446dcedd42276fc99ee.php 第 40 行.
INFO: Run Behavior\ParseTemplateBehavior [ RunTime:0.048003s ]
INFO: [ view_parse ] --END-- [ RunTime:0.048003s ]
INFO: [ view_filter ] --START--
INFO: Run Behavior\WriteHtmlCacheBehavior [ RunTime:0.000000s ]
INFO: [ view_filter ] --END-- [ RunTime:0.000000s ]
INFO: [ app_end ] --START--
INFO: Run Behavior\ShowPageTraceBehavior [ RunTime:0.000000s ]
INFO: [ app_end ] --END-- [ RunTime:0.000000s ]

[ 2017-03-31T11:55:20+08:00 ] 127.0.0.1 /Object/
INFO: [ app_init ] --START--
INFO: Run Behavior\BuildLiteBehavior [ RunTime:0.000000s ]
INFO: [ app_init ] --END-- [ RunTime:0.000000s ]
INFO: [ app_begin ] --START--
INFO: Run Behavior\ReadHtmlCacheBehavior [ RunTime:0.001000s ]
INFO: [ app_begin ] --END-- [ RunTime:0.001000s ]
NOTIC: [8] A session had already been started - ignoring session_start() C:\xampp\htdocs\Object\ThinkPHP\Common\functions.php 第 1263 行.
SQL: SHOW COLUMNS FROM `luntan` [ RunTime:0.0080s ]
SQL: SELECT COUNT(*) AS tp_count FROM `luntan` LIMIT 1   [ RunTime:0.0010s ]
SQL: SELECT * FROM `luntan` INNER JOIN users ON users.id = luntan.user_id  ORDER BY luntan_id desc LIMIT 0,4   [ RunTime:0.0000s ]
NOTIC: [8] Undefined index: users C:\xampp\htdocs\Object\Application\Home\Controller\IndexController.class.php 第 12 行.
SQL: SHOW COLUMNS FROM `attractions` [ RunTime:0.0080s ]
SQL: SELECT * FROM `attractions`  [ RunTime:0.0010s ]
INFO: [ view_parse ] --START--
INFO: [ template_filter ] --START--
INFO: Run Behavior\ContentReplaceBehavior [ RunTime:0.000000s ]
INFO: [ template_filter ] --END-- [ RunTime:0.000000s ]
NOTIC: [8] Array to string conversion C:\xampp\htdocs\Object\Application\Runtime\Cache\Home\2a94b8bda04ff446dcedd42276fc99ee.php 第 40 行.
INFO: Run Behavior\ParseTemplateBehavior [ RunTime:0.010001s ]
INFO: [ view_parse ] --END-- [ RunTime:0.010001s ]
INFO: [ view_filter ] --START--
INFO: Run Behavior\WriteHtmlCacheBehavior [ RunTime:0.001000s ]
INFO: [ view_filter ] --END-- [ RunTime:0.001000s ]
INFO: [ app_end ] --START--
INFO: Run Behavior\ShowPageTraceBehavior [ RunTime:0.001000s ]
INFO: [ app_end ] --END-- [ RunTime:0.001000s ]

[ 2017-03-31T11:55:40+08:00 ] 127.0.0.1 /Object/
INFO: [ app_init ] --START--
INFO: Run Behavior\BuildLiteBehavior [ RunTime:0.000000s ]
INFO: [ app_init ] --END-- [ RunTime:0.001000s ]
INFO: [ app_begin ] --START--
INFO: Run Behavior\ReadHtmlCacheBehavior [ RunTime:0.000000s ]
INFO: [ app_begin ] --END-- [ RunTime:0.000000s ]
NOTIC: [8] A session had already been started - ignoring session_start() C:\xampp\htdocs\Object\ThinkPHP\Common\functions.php 第 1263 行.
SQL: SHOW COLUMNS FROM `luntan` [ RunTime:0.0100s ]
SQL: SELECT COUNT(*) AS tp_count FROM `luntan` LIMIT 1   [ RunTime:0.0000s ]
SQL: SELECT * FROM `luntan` INNER JOIN users ON users.id = luntan.user_id  ORDER BY luntan_id desc LIMIT 0,4   [ RunTime:0.0010s ]
NOTIC: [8] Undefined index: users C:\xampp\htdocs\Object\Application\Home\Controller\IndexController.class.php 第 12 行.
SQL: SHOW COLUMNS FROM `attractions` [ RunTime:0.0080s ]
SQL: SELECT * FROM `attractions`  [ RunTime:0.0010s ]
INFO: [ view_parse ] --START--
INFO: [ template_filter ] --START--
INFO: Run Behavior\ContentReplaceBehavior [ RunTime:0.000000s ]
INFO: [ template_filter ] --END-- [ RunTime:0.000000s ]
NOTIC: [8] Array to string conversion C:\xampp\htdocs\Object\Application\Runtime\Cache\Home\2a94b8bda04ff446dcedd42276fc99ee.php 第 40 行.
INFO: Run Behavior\ParseTemplateBehavior [ RunTime:0.010001s ]
INFO: [ view_parse ] --END-- [ RunTime:0.010001s ]
INFO: [ view_filter ] --START--
INFO: Run Behavior\WriteHtmlCacheBehavior [ RunTime:0.000000s ]
INFO: [ view_filter ] --END-- [ RunTime:0.001000s ]
INFO: [ app_end ] --START--
INFO: Run Behavior\ShowPageTraceBehavior [ RunTime:0.001000s ]
INFO: [ app_end ] --END-- [ RunTime:0.001000s ]

[ 2017-03-31T11:55:52+08:00 ] 127.0.0.1 /Object/
INFO: [ app_init ] --START--
INFO: Run Behavior\BuildLiteBehavior [ RunTime:0.000000s ]
INFO: [ app_init ] --END-- [ RunTime:0.001000s ]
INFO: [ app_begin ] --START--
INFO: Run Behavior\ReadHtmlCacheBehavior [ RunTime:0.001001s ]
INFO: [ app_begin ] --END-- [ RunTime:0.001001s ]
NOTIC: [8] A session had already been started - ignoring session_start() C:\xampp\htdocs\Object\ThinkPHP\Common\functions.php 第 1263 行.
SQL: SHOW COLUMNS FROM `luntan` [ RunTime:0.0140s ]
SQL: SELECT COUNT(*) AS tp_count FROM `luntan` LIMIT 1   [ RunTime:0.0000s ]
SQL: SELECT * FROM `luntan` INNER JOIN users ON users.id = luntan.user_id  ORDER BY luntan_id desc LIMIT 0,4   [ RunTime:0.0010s ]
NOTIC: [8] Undefined index: users C:\xampp\htdocs\Object\Application\Home\Controller\IndexController.class.php 第 12 行.
SQL: SHOW COLUMNS FROM `attractions` [ RunTime:0.0090s ]
SQL: SELECT * FROM `attractions`  [ RunTime:0.0010s ]
INFO: [ view_parse ] --START--
INFO: [ template_filter ] --START--
INFO: Run Behavior\ContentReplaceBehavior [ RunTime:0.000000s ]
INFO: [ template_filter ] --END-- [ RunTime:0.000000s ]
NOTIC: [8] Array to string conversion C:\xampp\htdocs\Object\Application\Runtime\Cache\Home\2a94b8bda04ff446dcedd42276fc99ee.php 第 40 行.
INFO: Run Behavior\ParseTemplateBehavior [ RunTime:0.011000s ]
INFO: [ view_parse ] --END-- [ RunTime:0.011000s ]
INFO: [ view_filter ] --START--
INFO: Run Behavior\WriteHtmlCacheBehavior [ RunTime:0.001000s ]
INFO: [ view_filter ] --END-- [ RunTime:0.001000s ]
INFO: [ app_end ] --START--
INFO: Run Behavior\ShowPageTraceBehavior [ RunTime:0.001000s ]
INFO: [ app_end ] --END-- [ RunTime:0.001000s ]

[ 2017-03-31T11:55:56+08:00 ] 127.0.0.1 /Object/
INFO: [ app_init ] --START--
INFO: Run Behavior\BuildLiteBehavior [ RunTime:0.000000s ]
INFO: [ app_init ] --END-- [ RunTime:0.001000s ]
INFO: [ app_begin ] --START--
INFO: Run Behavior\ReadHtmlCacheBehavior [ RunTime:0.000000s ]
INFO: [ app_begin ] --END-- [ RunTime:0.001000s ]
NOTIC: [8] A session had already been started - ignoring session_start() C:\xampp\htdocs\Object\ThinkPHP\Common\functions.php 第 1263 行.
SQL: SHOW COLUMNS FROM `luntan` [ RunTime:0.0090s ]
SQL: SELECT COUNT(*) AS tp_count FROM `luntan` LIMIT 1   [ RunTime:0.0010s ]
SQL: SELECT * FROM `luntan` INNER JOIN users ON users.id = luntan.user_id  ORDER BY luntan_id desc LIMIT 0,4   [ RunTime:0.0000s ]
NOTIC: [8] Undefined index: users C:\xampp\htdocs\Object\Application\Home\Controller\IndexController.class.php 第 12 行.
SQL: SHOW COLUMNS FROM `attractions` [ RunTime:0.0090s ]
SQL: SELECT * FROM `attractions`  [ RunTime:0.0010s ]
INFO: [ view_parse ] --START--
INFO: [ template_filter ] --START--
INFO: Run Behavior\ContentReplaceBehavior [ RunTime:0.000000s ]
INFO: [ template_filter ] --END-- [ RunTime:0.000000s ]
NOTIC: [8] Array to string conversion C:\xampp\htdocs\Object\Application\Runtime\Cache\Home\2a94b8bda04ff446dcedd42276fc99ee.php 第 40 行.
INFO: Run Behavior\ParseTemplateBehavior [ RunTime:0.011000s ]
INFO: [ view_parse ] --END-- [ RunTime:0.011000s ]
INFO: [ view_filter ] --START--
INFO: Run Behavior\WriteHtmlCacheBehavior [ RunTime:0.000000s ]
INFO: [ view_filter ] --END-- [ RunTime:0.000000s ]
INFO: [ app_end ] --START--
INFO: Run Behavior\ShowPageTraceBehavior [ RunTime:0.001000s ]
INFO: [ app_end ] --END-- [ RunTime:0.001000s ]

[ 2017-03-31T11:56:09+08:00 ] 127.0.0.1 /Object/
INFO: [ app_init ] --START--
INFO: Run Behavior\BuildLiteBehavior [ RunTime:0.000000s ]
INFO: [ app_init ] --END-- [ RunTime:0.001000s ]
INFO: [ app_begin ] --START--
INFO: Run Behavior\ReadHtmlCacheBehavior [ RunTime:0.000000s ]
INFO: [ app_begin ] --END-- [ RunTime:0.000000s ]
NOTIC: [8] A session had already been started - ignoring session_start() C:\xampp\htdocs\Object\ThinkPHP\Common\functions.php 第 1263 行.
SQL: SHOW COLUMNS FROM `luntan` [ RunTime:0.0090s ]
SQL: SELECT COUNT(*) AS tp_count FROM `luntan` LIMIT 1   [ RunTime:0.0000s ]
SQL: SELECT * FROM `luntan` INNER JOIN users ON users.id = luntan.user_id  ORDER BY luntan_id desc LIMIT 0,4   [ RunTime:0.0000s ]
NOTIC: [8] Undefined index: users C:\xampp\htdocs\Object\Application\Home\Controller\IndexController.class.php 第 12 行.
SQL: SHOW COLUMNS FROM `attractions` [ RunTime:0.0090s ]
SQL: SELECT * FROM `attractions`  [ RunTime:0.0000s ]
INFO: [ view_parse ] --START--
INFO: [ template_filter ] --START--
INFO: Run Behavior\ContentReplaceBehavior [ RunTime:0.000000s ]
INFO: [ template_filter ] --END-- [ RunTime:0.000000s ]
NOTIC: [8] Array to string conversion C:\xampp\htdocs\Object\Application\Runtime\Cache\Home\2a94b8bda04ff446dcedd42276fc99ee.php 第 40 行.
NOTIC: [8] Array to string conversion C:\xampp\htdocs\Object\Application\Runtime\Cache\Home\2a94b8bda04ff446dcedd42276fc99ee.php 第 204 行.
INFO: Run Behavior\ParseTemplateBehavior [ RunTime:0.009001s ]
INFO: [ view_parse ] --END-- [ RunTime:0.010001s ]
INFO: [ view_filter ] --START--
INFO: Run Behavior\WriteHtmlCacheBehavior [ RunTime:0.001000s ]
INFO: [ view_filter ] --END-- [ RunTime:0.001000s ]
INFO: [ app_end ] --START--
INFO: Run Behavior\ShowPageTraceBehavior [ RunTime:0.001000s ]
INFO: [ app_end ] --END-- [ RunTime:0.001000s ]

[ 2017-03-31T11:56:25+08:00 ] 127.0.0.1 /Object/
INFO: [ app_init ] --START--
INFO: Run Behavior\BuildLiteBehavior [ RunTime:0.000000s ]
INFO: [ app_init ] --END-- [ RunTime:0.001001s ]
INFO: [ app_begin ] --START--
INFO: Run Behavior\ReadHtmlCacheBehavior [ RunTime:0.000000s ]
INFO: [ app_begin ] --END-- [ RunTime:0.000000s ]
NOTIC: [8] A session had already been started - ignoring session_start() C:\xampp\htdocs\Object\ThinkPHP\Common\functions.php 第 1263 行.
SQL: SHOW COLUMNS FROM `luntan` [ RunTime:0.0070s ]
SQL: SELECT COUNT(*) AS tp_count FROM `luntan` LIMIT 1   [ RunTime:0.0000s ]
SQL: SELECT * FROM `luntan` INNER JOIN users ON users.id = luntan.user_id  ORDER BY luntan_id desc LIMIT 0,4   [ RunTime:0.0000s ]
NOTIC: [8] Undefined index: users C:\xampp\htdocs\Object\Application\Home\Controller\IndexController.class.php 第 12 行.
SQL: SHOW COLUMNS FROM `attractions` [ RunTime:0.0090s ]
SQL: SELECT * FROM `attractions`  [ RunTime:0.0000s ]
INFO: [ view_parse ] --START--
INFO: [ template_filter ] --START--
INFO: Run Behavior\ContentReplaceBehavior [ RunTime:0.000000s ]
INFO: [ template_filter ] --END-- [ RunTime:0.000000s ]
NOTIC: [8] Array to string conversion C:\xampp\htdocs\Object\Application\Runtime\Cache\Home\2a94b8bda04ff446dcedd42276fc99ee.php 第 40 行.
NOTIC: [8] Array to string conversion C:\xampp\htdocs\Object\Application\Runtime\Cache\Home\2a94b8bda04ff446dcedd42276fc99ee.php 第 204 行.
INFO: Run Behavior\ParseTemplateBehavior [ RunTime:0.010000s ]
INFO: [ view_parse ] --END-- [ RunTime:0.010000s ]
INFO: [ view_filter ] --START--
INFO: Run Behavior\WriteHtmlCacheBehavior [ RunTime:0.000000s ]
INFO: [ view_filter ] --END-- [ RunTime:0.000000s ]
INFO: [ app_end ] --START--
INFO: Run Behavior\ShowPageTraceBehavior [ RunTime:0.001000s ]
INFO: [ app_end ] --END-- [ RunTime:0.001000s ]

[ 2017-03-31T11:56:26+08:00 ] 127.0.0.1 /Object/
INFO: [ app_init ] --START--
INFO: Run Behavior\BuildLiteBehavior [ RunTime:0.000000s ]
INFO: [ app_init ] --END-- [ RunTime:0.001000s ]
INFO: [ app_begin ] --START--
INFO: Run Behavior\ReadHtmlCacheBehavior [ RunTime:0.001000s ]
INFO: [ app_begin ] --END-- [ RunTime:0.001000s ]
NOTIC: [8] A session had already been started - ignoring session_start() C:\xampp\htdocs\Object\ThinkPHP\Common\functions.php 第 1263 行.
SQL: SHOW COLUMNS FROM `luntan` [ RunTime:0.0090s ]
SQL: SELECT COUNT(*) AS tp_count FROM `luntan` LIMIT 1   [ RunTime:0.0010s ]
SQL: SELECT * FROM `luntan` INNER JOIN users ON users.id = luntan.user_id  ORDER BY luntan_id desc LIMIT 0,4   [ RunTime:0.0010s ]
NOTIC: [8] Undefined index: users C:\xampp\htdocs\Object\Application\Home\Controller\IndexController.class.php 第 12 行.
SQL: SHOW COLUMNS FROM `attractions` [ RunTime:0.0050s ]
SQL: SELECT * FROM `attractions`  [ RunTime:0.0010s ]
INFO: [ view_parse ] --START--
INFO: [ template_filter ] --START--
INFO: Run Behavior\ContentReplaceBehavior [ RunTime:0.000000s ]
INFO: [ template_filter ] --END-- [ RunTime:0.000000s ]
NOTIC: [8] Array to string conversion C:\xampp\htdocs\Object\Application\Runtime\Cache\Home\2a94b8bda04ff446dcedd42276fc99ee.php 第 40 行.
NOTIC: [8] Array to string conversion C:\xampp\htdocs\Object\Application\Runtime\Cache\Home\2a94b8bda04ff446dcedd42276fc99ee.php 第 204 行.
INFO: Run Behavior\ParseTemplateBehavior [ RunTime:0.009000s ]
INFO: [ view_parse ] --END-- [ RunTime:0.009000s ]
INFO: [ view_filter ] --START--
INFO: Run Behavior\WriteHtmlCacheBehavior [ RunTime:0.001000s ]
INFO: [ view_filter ] --END-- [ RunTime:0.001000s ]
INFO: [ app_end ] --START--
INFO: Run Behavior\ShowPageTraceBehavior [ RunTime:0.001000s ]
INFO: [ app_end ] --END-- [ RunTime:0.002000s ]

[ 2017-03-31T11:56:38+08:00 ] 127.0.0.1 /Object/
INFO: [ app_init ] --START--
INFO: Run Behavior\BuildLiteBehavior [ RunTime:0.000000s ]
INFO: [ app_init ] --END-- [ RunTime:0.000000s ]
INFO: [ app_begin ] --START--
INFO: Run Behavior\ReadHtmlCacheBehavior [ RunTime:0.001000s ]
INFO: [ app_begin ] --END-- [ RunTime:0.001000s ]
NOTIC: [8] A session had already been started - ignoring session_start() C:\xampp\htdocs\Object\ThinkPHP\Common\functions.php 第 1263 行.
SQL: SHOW COLUMNS FROM `luntan` [ RunTime:0.0080s ]
SQL: SELECT COUNT(*) AS tp_count FROM `luntan` LIMIT 1   [ RunTime:0.0010s ]
SQL: SELECT * FROM `luntan` INNER JOIN users ON users.id = luntan.user_id  ORDER BY luntan_id desc LIMIT 0,4   [ RunTime:0.0010s ]
NOTIC: [8] Undefined index: users C:\xampp\htdocs\Object\Application\Home\Controller\IndexController.class.php 第 12 行.
SQL: SHOW COLUMNS FROM `attractions` [ RunTime:0.0080s ]
SQL: SELECT * FROM `attractions`  [ RunTime:0.0010s ]
INFO: [ view_parse ] --START--
INFO: [ template_filter ] --START--
INFO: Run Behavior\ContentReplaceBehavior [ RunTime:0.000000s ]
INFO: [ template_filter ] --END-- [ RunTime:0.000000s ]
NOTIC: [8] Array to string conversion C:\xampp\htdocs\Object\Application\Runtime\Cache\Home\2a94b8bda04ff446dcedd42276fc99ee.php 第 201 行.
INFO: Run Behavior\ParseTemplateBehavior [ RunTime:0.010000s ]
INFO: [ view_parse ] --END-- [ RunTime:0.010000s ]
INFO: [ view_filter ] --START--
INFO: Run Behavior\WriteHtmlCacheBehavior [ RunTime:0.000000s ]
INFO: [ view_filter ] --END-- [ RunTime:0.000000s ]
INFO: [ app_end ] --START--
INFO: Run Behavior\ShowPageTraceBehavior [ RunTime:0.000000s ]
INFO: [ app_end ] --END-- [ RunTime:0.002000s ]

[ 2017-03-31T11:57:02+08:00 ] 127.0.0.1 /Object/
INFO: [ app_init ] --START--
INFO: Run Behavior\BuildLiteBehavior [ RunTime:0.000000s ]
INFO: [ app_init ] --END-- [ RunTime:0.001000s ]
INFO: [ app_begin ] --START--
INFO: Run Behavior\ReadHtmlCacheBehavior [ RunTime:0.001000s ]
INFO: [ app_begin ] --END-- [ RunTime:0.001000s ]
NOTIC: [8] A session had already been started - ignoring session_start() C:\xampp\htdocs\Object\ThinkPHP\Common\functions.php 第 1263 行.
SQL: SHOW COLUMNS FROM `luntan` [ RunTime:0.0070s ]
SQL: SELECT COUNT(*) AS tp_count FROM `luntan` LIMIT 1   [ RunTime:0.0000s ]
SQL: SELECT * FROM `luntan` INNER JOIN users ON users.id = luntan.user_id  ORDER BY luntan_id desc LIMIT 0,4   [ RunTime:0.0010s ]
NOTIC: [8] Undefined index: users C:\xampp\htdocs\Object\Application\Home\Controller\IndexController.class.php 第 12 行.
SQL: SHOW COLUMNS FROM `attractions` [ RunTime:0.0080s ]
SQL: SELECT * FROM `attractions`  [ RunTime:0.0000s ]
INFO: [ view_parse ] --START--
INFO: [ template_filter ] --START--
INFO: Run Behavior\ContentReplaceBehavior [ RunTime:0.000000s ]
INFO: [ template_filter ] --END-- [ RunTime:0.000000s ]
NOTIC: [8] Array to string conversion C:\xampp\htdocs\Object\Application\Runtime\Cache\Home\2a94b8bda04ff446dcedd42276fc99ee.php 第 201 行.
INFO: Run Behavior\ParseTemplateBehavior [ RunTime:0.010000s ]
INFO: [ view_parse ] --END-- [ RunTime:0.010000s ]
INFO: [ view_filter ] --START--
INFO: Run Behavior\WriteHtmlCacheBehavior [ RunTime:0.000000s ]
INFO: [ view_filter ] --END-- [ RunTime:0.000000s ]
INFO: [ app_end ] --START--
INFO: Run Behavior\ShowPageTraceBehavior [ RunTime:0.000000s ]
INFO: [ app_end ] --END-- [ RunTime:0.000000s ]

[ 2017-03-31T11:57:25+08:00 ] 127.0.0.1 /Object/
INFO: [ app_init ] --START--
INFO: Run Behavior\BuildLiteBehavior [ RunTime:0.000000s ]
INFO: [ app_init ] --END-- [ RunTime:0.001000s ]
INFO: [ app_begin ] --START--
INFO: Run Behavior\ReadHtmlCacheBehavior [ RunTime:0.000000s ]
INFO: [ app_begin ] --END-- [ RunTime:0.000000s ]
NOTIC: [8] A session had already been started - ignoring session_start() C:\xampp\htdocs\Object\ThinkPHP\Common\functions.php 第 1263 行.
SQL: SHOW COLUMNS FROM `luntan` [ RunTime:0.0080s ]
SQL: SELECT COUNT(*) AS tp_count FROM `luntan` LIMIT 1   [ RunTime:0.0000s ]
SQL: SELECT * FROM `luntan` INNER JOIN users ON users.id = luntan.user_id  ORDER BY luntan_id desc LIMIT 0,4   [ RunTime:0.0000s ]
NOTIC: [8] Undefined index: users C:\xampp\htdocs\Object\Application\Home\Controller\IndexController.class.php 第 12 行.
SQL: SHOW COLUMNS FROM `attractions` [ RunTime:0.0090s ]
SQL: SELECT * FROM `attractions`  [ RunTime:0.0000s ]
INFO: [ view_parse ] --START--
INFO: [ template_filter ] --START--
INFO: Run Behavior\ContentReplaceBehavior [ RunTime:0.000000s ]
INFO: [ template_filter ] --END-- [ RunTime:0.000000s ]
INFO: Run Behavior\ParseTemplateBehavior [ RunTime:0.009000s ]
INFO: [ view_parse ] --END-- [ RunTime:0.010000s ]
INFO: [ view_filter ] --START--
INFO: Run Behavior\WriteHtmlCacheBehavior [ RunTime:0.000000s ]
INFO: [ view_filter ] --END-- [ RunTime:0.000000s ]
INFO: [ app_end ] --START--
INFO: Run Behavior\ShowPageTraceBehavior [ RunTime:0.000000s ]
INFO: [ app_end ] --END-- [ RunTime:0.001000s ]

[ 2017-03-31T11:57:46+08:00 ] 127.0.0.1 /Object/
INFO: [ app_init ] --START--
INFO: Run Behavior\BuildLiteBehavior [ RunTime:0.000000s ]
INFO: [ app_init ] --END-- [ RunTime:0.000000s ]
INFO: [ app_begin ] --START--
INFO: Run Behavior\ReadHtmlCacheBehavior [ RunTime:0.000000s ]
INFO: [ app_begin ] --END-- [ RunTime:0.001000s ]
NOTIC: [8] A session had already been started - ignoring session_start() C:\xampp\htdocs\Object\ThinkPHP\Common\functions.php 第 1263 行.
SQL: SHOW COLUMNS FROM `luntan` [ RunTime:0.0080s ]
SQL: SELECT COUNT(*) AS tp_count FROM `luntan` LIMIT 1   [ RunTime:0.0000s ]
SQL: SELECT * FROM `luntan` INNER JOIN users ON users.id = luntan.user_id  ORDER BY luntan_id desc LIMIT 0,4   [ RunTime:0.0000s ]
NOTIC: [8] Undefined index: users C:\xampp\htdocs\Object\Application\Home\Controller\IndexController.class.php 第 12 行.
SQL: SHOW COLUMNS FROM `attractions` [ RunTime:0.0080s ]
SQL: SELECT * FROM `attractions`  [ RunTime:0.0010s ]
INFO: [ view_parse ] --START--
INFO: [ template_filter ] --START--
INFO: Run Behavior\ContentReplaceBehavior [ RunTime:0.000000s ]
INFO: [ template_filter ] --END-- [ RunTime:0.000000s ]
NOTIC: [8] Array to string conversion C:\xampp\htdocs\Object\Application\Runtime\Cache\Home\2a94b8bda04ff446dcedd42276fc99ee.php 第 201 行.
INFO: Run Behavior\ParseTemplateBehavior [ RunTime:0.010001s ]
INFO: [ view_parse ] --END-- [ RunTime:0.010001s ]
INFO: [ view_filter ] --START--
INFO: Run Behavior\WriteHtmlCacheBehavior [ RunTime:0.001000s ]
INFO: [ view_filter ] --END-- [ RunTime:0.001000s ]
INFO: [ app_end ] --START--
INFO: Run Behavior\ShowPageTraceBehavior [ RunTime:0.001000s ]
INFO: [ app_end ] --END-- [ RunTime:0.001000s ]

[ 2017-03-31T11:58:27+08:00 ] 127.0.0.1 /Object/
INFO: [ app_init ] --START--
INFO: Run Behavior\BuildLiteBehavior [ RunTime:0.000000s ]
INFO: [ app_init ] --END-- [ RunTime:0.001000s ]
INFO: [ app_begin ] --START--
INFO: Run Behavior\ReadHtmlCacheBehavior [ RunTime:0.000000s ]
INFO: [ app_begin ] --END-- [ RunTime:0.000000s ]
NOTIC: [8] A session had already been started - ignoring session_start() C:\xampp\htdocs\Object\ThinkPHP\Common\functions.php 第 1263 行.
SQL: SHOW COLUMNS FROM `luntan` [ RunTime:0.0080s ]
SQL: SELECT COUNT(*) AS tp_count FROM `luntan` LIMIT 1   [ RunTime:0.0010s ]
SQL: SELECT * FROM `luntan` INNER JOIN users ON users.id = luntan.user_id  ORDER BY luntan_id desc LIMIT 0,4   [ RunTime:0.0000s ]
NOTIC: [8] Undefined index: users C:\xampp\htdocs\Object\Application\Home\Controller\IndexController.class.php 第 12 行.
SQL: SHOW COLUMNS FROM `attractions` [ RunTime:0.0080s ]
SQL: SELECT * FROM `attractions`  [ RunTime:0.0010s ]
INFO: [ view_parse ] --START--
INFO: [ template_filter ] --START--
INFO: Run Behavior\ContentReplaceBehavior [ RunTime:0.000000s ]
INFO: [ template_filter ] --END-- [ RunTime:0.000000s ]
INFO: Run Behavior\ParseTemplateBehavior [ RunTime:0.010000s ]
INFO: [ view_parse ] --END-- [ RunTime:0.010000s ]
INFO: [ view_filter ] --START--
INFO: Run Behavior\WriteHtmlCacheBehavior [ RunTime:0.000000s ]
INFO: [ view_filter ] --END-- [ RunTime:0.000000s ]
INFO: [ app_end ] --START--
INFO: Run Behavior\ShowPageTraceBehavior [ RunTime:0.000000s ]
INFO: [ app_end ] --END-- [ RunTime:0.001000s ]

[ 2017-03-31T11:58:47+08:00 ] 127.0.0.1 /Object/
INFO: [ app_init ] --START--
INFO: Run Behavior\BuildLiteBehavior [ RunTime:0.000000s ]
INFO: [ app_init ] --END-- [ RunTime:0.000000s ]
INFO: [ app_begin ] --START--
INFO: Run Behavior\ReadHtmlCacheBehavior [ RunTime:0.001000s ]
INFO: [ app_begin ] --END-- [ RunTime:0.001000s ]
NOTIC: [8] A session had already been started - ignoring session_start() C:\xampp\htdocs\Object\ThinkPHP\Common\functions.php 第 1263 行.
SQL: SHOW COLUMNS FROM `luntan` [ RunTime:0.0050s ]
SQL: SELECT COUNT(*) AS tp_count FROM `luntan` LIMIT 1   [ RunTime:0.0000s ]
SQL: SELECT * FROM `luntan` INNER JOIN users ON users.id = luntan.user_id  ORDER BY luntan_id desc LIMIT 0,4   [ RunTime:0.0010s ]
NOTIC: [8] Undefined index: users C:\xampp\htdocs\Object\Application\Home\Controller\IndexController.class.php 第 12 行.
SQL: SHOW COLUMNS FROM `attractions` [ RunTime:0.0080s ]
SQL: SELECT * FROM `attractions`  [ RunTime:0.0010s ]
INFO: [ view_parse ] --START--
INFO: [ template_filter ] --START--
INFO: Run Behavior\ContentReplaceBehavior [ RunTime:0.001000s ]
INFO: [ template_filter ] --END-- [ RunTime:0.001000s ]
INFO: Run Behavior\ParseTemplateBehavior [ RunTime:0.010001s ]
INFO: [ view_parse ] --END-- [ RunTime:0.010001s ]
INFO: [ view_filter ] --START--
INFO: Run Behavior\WriteHtmlCacheBehavior [ RunTime:0.000000s ]
INFO: [ view_filter ] --END-- [ RunTime:0.000000s ]
INFO: [ app_end ] --START--
INFO: Run Behavior\ShowPageTraceBehavior [ RunTime:0.001000s ]
INFO: [ app_end ] --END-- [ RunTime:0.001000s ]

[ 2017-03-31T11:58:48+08:00 ] 127.0.0.1 /Object/
INFO: [ app_init ] --START--
INFO: Run Behavior\BuildLiteBehavior [ RunTime:0.000000s ]
INFO: [ app_init ] --END-- [ RunTime:0.000000s ]
INFO: [ app_begin ] --START--
INFO: Run Behavior\ReadHtmlCacheBehavior [ RunTime:0.001000s ]
INFO: [ app_begin ] --END-- [ RunTime:0.001000s ]
NOTIC: [8] A session had already been started - ignoring session_start() C:\xampp\htdocs\Object\ThinkPHP\Common\functions.php 第 1263 行.
SQL: SHOW COLUMNS FROM `luntan` [ RunTime:0.0100s ]
SQL: SELECT COUNT(*) AS tp_count FROM `luntan` LIMIT 1   [ RunTime:0.0010s ]
SQL: SELECT * FROM `luntan` INNER JOIN users ON users.id = luntan.user_id  ORDER BY luntan_id desc LIMIT 0,4   [ RunTime:0.0000s ]
NOTIC: [8] Undefined index: users C:\xampp\htdocs\Object\Application\Home\Controller\IndexController.class.php 第 12 行.
SQL: SHOW COLUMNS FROM `attractions` [ RunTime:0.0110s ]
SQL: SELECT * FROM `attractions`  [ RunTime:0.0000s ]
INFO: [ view_parse ] --START--
INFO: [ template_filter ] --START--
INFO: Run Behavior\ContentReplaceBehavior [ RunTime:0.001000s ]
INFO: [ template_filter ] --END-- [ RunTime:0.001000s ]
INFO: Run Behavior\ParseTemplateBehavior [ RunTime:0.012000s ]
INFO: [ view_parse ] --END-- [ RunTime:0.012000s ]
INFO: [ view_filter ] --START--
INFO: Run Behavior\WriteHtmlCacheBehavior [ RunTime:0.000000s ]
INFO: [ view_filter ] --END-- [ RunTime:0.000000s ]
INFO: [ app_end ] --START--
INFO: Run Behavior\ShowPageTraceBehavior [ RunTime:0.000000s ]
INFO: [ app_end ] --END-- [ RunTime:0.000000s ]

[ 2017-03-31T11:59:21+08:00 ] 127.0.0.1 /Object/
INFO: [ app_init ] --START--
INFO: Run Behavior\BuildLiteBehavior [ RunTime:0.000000s ]
INFO: [ app_init ] --END-- [ RunTime:0.000000s ]
INFO: [ app_begin ] --START--
INFO: Run Behavior\ReadHtmlCacheBehavior [ RunTime:0.001000s ]
INFO: [ app_begin ] --END-- [ RunTime:0.001000s ]
NOTIC: [8] A session had already been started - ignoring session_start() C:\xampp\htdocs\Object\ThinkPHP\Common\functions.php 第 1263 行.
SQL: SHOW COLUMNS FROM `luntan` [ RunTime:0.0100s ]
SQL: SELECT COUNT(*) AS tp_count FROM `luntan` LIMIT 1   [ RunTime:0.0000s ]
SQL: SELECT * FROM `luntan` INNER JOIN users ON users.id = luntan.user_id  ORDER BY luntan_id desc LIMIT 0,4   [ RunTime:0.0010s ]
NOTIC: [8] Undefined index: users C:\xampp\htdocs\Object\Application\Home\Controller\IndexController.class.php 第 12 行.
SQL: SHOW COLUMNS FROM `attractions` [ RunTime:0.0090s ]
SQL: SELECT * FROM `attractions`  [ RunTime:0.0010s ]
INFO: [ view_parse ] --START--
INFO: [ template_filter ] --START--
INFO: Run Behavior\ContentReplaceBehavior [ RunTime:0.000000s ]
INFO: [ template_filter ] --END-- [ RunTime:0.000000s ]
INFO: Run Behavior\ParseTemplateBehavior [ RunTime:0.011001s ]
INFO: [ view_parse ] --END-- [ RunTime:0.011001s ]
INFO: [ view_filter ] --START--
INFO: Run Behavior\WriteHtmlCacheBehavior [ RunTime:0.000000s ]
INFO: [ view_filter ] --END-- [ RunTime:0.000000s ]
INFO: [ app_end ] --START--
INFO: Run Behavior\ShowPageTraceBehavior [ RunTime:0.001000s ]
INFO: [ app_end ] --END-- [ RunTime:0.001000s ]

[ 2017-03-31T12:00:18+08:00 ] 127.0.0.1 /Object/
INFO: [ app_init ] --START--
INFO: Run Behavior\BuildLiteBehavior [ RunTime:0.000000s ]
INFO: [ app_init ] --END-- [ RunTime:0.000000s ]
INFO: [ app_begin ] --START--
INFO: Run Behavior\ReadHtmlCacheBehavior [ RunTime:0.001000s ]
INFO: [ app_begin ] --END-- [ RunTime:0.001000s ]
NOTIC: [8] A session had already been started - ignoring session_start() C:\xampp\htdocs\Object\ThinkPHP\Common\functions.php 第 1263 行.
SQL: SHOW COLUMNS FROM `luntan` [ RunTime:0.0100s ]
SQL: SELECT COUNT(*) AS tp_count FROM `luntan` LIMIT 1   [ RunTime:0.0000s ]
SQL: SELECT * FROM `luntan` INNER JOIN users ON users.id = luntan.user_id  ORDER BY luntan_id desc LIMIT 0,4   [ RunTime:0.0010s ]
NOTIC: [8] Undefined index: users C:\xampp\htdocs\Object\Application\Home\Controller\IndexController.class.php 第 12 行.
SQL: SHOW COLUMNS FROM `attractions` [ RunTime:0.0100s ]
SQL: SELECT * FROM `attractions`  [ RunTime:0.0010s ]
INFO: [ view_parse ] --START--
INFO: [ template_filter ] --START--
INFO: Run Behavior\ContentReplaceBehavior [ RunTime:0.000000s ]
INFO: [ template_filter ] --END-- [ RunTime:0.000000s ]
INFO: Run Behavior\ParseTemplateBehavior [ RunTime:0.013001s ]
INFO: [ view_parse ] --END-- [ RunTime:0.013001s ]
INFO: [ view_filter ] --START--
INFO: Run Behavior\WriteHtmlCacheBehavior [ RunTime:0.000000s ]
INFO: [ view_filter ] --END-- [ RunTime:0.000000s ]
INFO: [ app_end ] --START--
INFO: Run Behavior\ShowPageTraceBehavior [ RunTime:0.001000s ]
INFO: [ app_end ] --END-- [ RunTime:0.001000s ]

[ 2017-03-31T12:00:28+08:00 ] 127.0.0.1 /Object/
INFO: [ app_init ] --START--
INFO: Run Behavior\BuildLiteBehavior [ RunTime:0.000000s ]
INFO: [ app_init ] --END-- [ RunTime:0.001000s ]
INFO: [ app_begin ] --START--
INFO: Run Behavior\ReadHtmlCacheBehavior [ RunTime:0.001000s ]
INFO: [ app_begin ] --END-- [ RunTime:0.001000s ]
NOTIC: [8] A session had already been started - ignoring session_start() C:\xampp\htdocs\Object\ThinkPHP\Common\functions.php 第 1263 行.
SQL: SHOW COLUMNS FROM `luntan` [ RunTime:0.0080s ]
SQL: SELECT COUNT(*) AS tp_count FROM `luntan` LIMIT 1   [ RunTime:0.0000s ]
SQL: SELECT * FROM `luntan` INNER JOIN users ON users.id = luntan.user_id  ORDER BY luntan_id desc LIMIT 0,4   [ RunTime:0.0010s ]
NOTIC: [8] Undefined index: users C:\xampp\htdocs\Object\Application\Home\Controller\IndexController.class.php 第 12 行.
SQL: SHOW COLUMNS FROM `attractions` [ RunTime:0.0060s ]
SQL: SELECT * FROM `attractions`  [ RunTime:0.0010s ]
INFO: [ view_parse ] --START--
INFO: [ template_filter ] --START--
INFO: Run Behavior\ContentReplaceBehavior [ RunTime:0.000000s ]
INFO: [ template_filter ] --END-- [ RunTime:0.000000s ]
INFO: Run Behavior\ParseTemplateBehavior [ RunTime:0.009000s ]
INFO: [ view_parse ] --END-- [ RunTime:0.009000s ]
INFO: [ view_filter ] --START--
INFO: Run Behavior\WriteHtmlCacheBehavior [ RunTime:0.001001s ]
INFO: [ view_filter ] --END-- [ RunTime:0.001001s ]
INFO: [ app_end ] --START--
INFO: Run Behavior\ShowPageTraceBehavior [ RunTime:0.000000s ]
INFO: [ app_end ] --END-- [ RunTime:0.001000s ]

[ 2017-03-31T12:02:00+08:00 ] 127.0.0.1 /Object/
INFO: [ app_init ] --START--
INFO: Run Behavior\BuildLiteBehavior [ RunTime:0.000000s ]
INFO: [ app_init ] --END-- [ RunTime:0.001000s ]
INFO: [ app_begin ] --START--
INFO: Run Behavior\ReadHtmlCacheBehavior [ RunTime:0.001000s ]
INFO: [ app_begin ] --END-- [ RunTime:0.001000s ]
NOTIC: [8] A session had already been started - ignoring session_start() C:\xampp\htdocs\Object\ThinkPHP\Common\functions.php 第 1263 行.
SQL: SHOW COLUMNS FROM `luntan` [ RunTime:0.0090s ]
SQL: SELECT COUNT(*) AS tp_count FROM `luntan` LIMIT 1   [ RunTime:0.0010s ]
SQL: SELECT * FROM `luntan` INNER JOIN users ON users.id = luntan.user_id  ORDER BY luntan_id desc LIMIT 0,4   [ RunTime:0.0010s ]
NOTIC: [8] Undefined index: users C:\xampp\htdocs\Object\Application\Home\Controller\IndexController.class.php 第 12 行.
SQL: SHOW COLUMNS FROM `attractions` [ RunTime:0.0060s ]
SQL: SELECT * FROM `attractions`  [ RunTime:0.0000s ]
INFO: [ view_parse ] --START--
INFO: [ template_filter ] --START--
INFO: Run Behavior\ContentReplaceBehavior [ RunTime:0.000000s ]
INFO: [ template_filter ] --END-- [ RunTime:0.000000s ]
INFO: Run Behavior\ParseTemplateBehavior [ RunTime:0.010000s ]
INFO: [ view_parse ] --END-- [ RunTime:0.010000s ]
INFO: [ view_filter ] --START--
INFO: Run Behavior\WriteHtmlCacheBehavior [ RunTime:0.000000s ]
INFO: [ view_filter ] --END-- [ RunTime:0.000000s ]
INFO: [ app_end ] --START--
INFO: Run Behavior\ShowPageTraceBehavior [ RunTime:0.000000s ]
INFO: [ app_end ] --END-- [ RunTime:0.000000s ]

[ 2017-03-31T12:02:44+08:00 ] 127.0.0.1 /Object/
INFO: [ app_init ] --START--
INFO: Run Behavior\BuildLiteBehavior [ RunTime:0.000000s ]
INFO: [ app_init ] --END-- [ RunTime:0.001000s ]
INFO: [ app_begin ] --START--
INFO: Run Behavior\ReadHtmlCacheBehavior [ RunTime:0.000000s ]
INFO: [ app_begin ] --END-- [ RunTime:0.000000s ]
NOTIC: [8] A session had already been started - ignoring session_start() C:\xampp\htdocs\Object\ThinkPHP\Common\functions.php 第 1263 行.
SQL: SHOW COLUMNS FROM `luntan` [ RunTime:0.0020s ]
SQL: SELECT COUNT(*) AS tp_count FROM `luntan` LIMIT 1   [ RunTime:0.0000s ]
SQL: SELECT * FROM `luntan` INNER JOIN users ON users.id = luntan.user_id  ORDER BY luntan_id desc LIMIT 0,4   [ RunTime:0.0010s ]
NOTIC: [8] Undefined index: users C:\xampp\htdocs\Object\Application\Home\Controller\IndexController.class.php 第 12 行.
SQL: SHOW COLUMNS FROM `attractions` [ RunTime:0.0020s ]
SQL: SELECT * FROM `attractions`  [ RunTime:0.0000s ]
INFO: [ view_parse ] --START--
INFO: [ template_filter ] --START--
INFO: Run Behavior\ContentReplaceBehavior [ RunTime:0.001000s ]
INFO: [ template_filter ] --END-- [ RunTime:0.001000s ]
INFO: Run Behavior\ParseTemplateBehavior [ RunTime:0.009000s ]
INFO: [ view_parse ] --END-- [ RunTime:0.009000s ]
INFO: [ view_filter ] --START--
INFO: Run Behavior\WriteHtmlCacheBehavior [ RunTime:0.000000s ]
INFO: [ view_filter ] --END-- [ RunTime:0.000000s ]
INFO: [ app_end ] --START--
INFO: Run Behavior\ShowPageTraceBehavior [ RunTime:0.001000s ]
INFO: [ app_end ] --END-- [ RunTime:0.001000s ]

[ 2017-03-31T12:03:00+08:00 ] 127.0.0.1 /Object/
INFO: [ app_init ] --START--
INFO: Run Behavior\BuildLiteBehavior [ RunTime:0.000000s ]
INFO: [ app_init ] --END-- [ RunTime:0.001000s ]
INFO: [ app_begin ] --START--
INFO: Run Behavior\ReadHtmlCacheBehavior [ RunTime:0.001001s ]
INFO: [ app_begin ] --END-- [ RunTime:0.001001s ]
NOTIC: [8] A session had already been started - ignoring session_start() C:\xampp\htdocs\Object\ThinkPHP\Common\functions.php 第 1263 行.
SQL: SHOW COLUMNS FROM `luntan` [ RunTime:0.0070s ]
SQL: SELECT COUNT(*) AS tp_count FROM `luntan` LIMIT 1   [ RunTime:0.0000s ]
SQL: SELECT * FROM `luntan` INNER JOIN users ON users.id = luntan.user_id  ORDER BY luntan_id desc LIMIT 0,4   [ RunTime:0.0000s ]
NOTIC: [8] Undefined index: users C:\xampp\htdocs\Object\Application\Home\Controller\IndexController.class.php 第 12 行.
SQL: SHOW COLUMNS FROM `attractions` [ RunTime:0.0080s ]
SQL: SELECT * FROM `attractions`  [ RunTime:0.0000s ]
INFO: [ view_parse ] --START--
INFO: [ template_filter ] --START--
INFO: Run Behavior\ContentReplaceBehavior [ RunTime:0.000000s ]
INFO: [ template_filter ] --END-- [ RunTime:0.000000s ]
INFO: Run Behavior\ParseTemplateBehavior [ RunTime:0.009001s ]
INFO: [ view_parse ] --END-- [ RunTime:0.009001s ]
INFO: [ view_filter ] --START--
INFO: Run Behavior\WriteHtmlCacheBehavior [ RunTime:0.001000s ]
INFO: [ view_filter ] --END-- [ RunTime:0.001000s ]
INFO: [ app_end ] --START--
INFO: Run Behavior\ShowPageTraceBehavior [ RunTime:0.001000s ]
INFO: [ app_end ] --END-- [ RunTime:0.001000s ]

[ 2017-03-31T12:03:09+08:00 ] 127.0.0.1 /Object/
INFO: [ app_init ] --START--
INFO: Run Behavior\BuildLiteBehavior [ RunTime:0.000000s ]
INFO: [ app_init ] --END-- [ RunTime:0.000000s ]
INFO: [ app_begin ] --START--
INFO: Run Behavior\ReadHtmlCacheBehavior [ RunTime:0.001000s ]
INFO: [ app_begin ] --END-- [ RunTime:0.001000s ]
NOTIC: [8] A session had already been started - ignoring session_start() C:\xampp\htdocs\Object\ThinkPHP\Common\functions.php 第 1263 行.
SQL: SHOW COLUMNS FROM `luntan` [ RunTime:0.0080s ]
SQL: SELECT COUNT(*) AS tp_count FROM `luntan` LIMIT 1   [ RunTime:0.0000s ]
SQL: SELECT * FROM `luntan` INNER JOIN users ON users.id = luntan.user_id  ORDER BY luntan_id desc LIMIT 0,4   [ RunTime:0.0000s ]
NOTIC: [8] Undefined index: users C:\xampp\htdocs\Object\Application\Home\Controller\IndexController.class.php 第 12 行.
SQL: SHOW COLUMNS FROM `attractions` [ RunTime:0.0080s ]
SQL: SELECT * FROM `attractions`  [ RunTime:0.0010s ]
INFO: [ view_parse ] --START--
INFO: [ template_filter ] --START--
INFO: Run Behavior\ContentReplaceBehavior [ RunTime:0.000000s ]
INFO: [ template_filter ] --END-- [ RunTime:0.000000s ]
INFO: Run Behavior\ParseTemplateBehavior [ RunTime:0.010000s ]
INFO: [ view_parse ] --END-- [ RunTime:0.010000s ]
INFO: [ view_filter ] --START--
INFO: Run Behavior\WriteHtmlCacheBehavior [ RunTime:0.001000s ]
INFO: [ view_filter ] --END-- [ RunTime:0.001000s ]
INFO: [ app_end ] --START--
INFO: Run Behavior\ShowPageTraceBehavior [ RunTime:0.001001s ]
INFO: [ app_end ] --END-- [ RunTime:0.001001s ]

[ 2017-03-31T12:08:08+08:00 ] 127.0.0.1 /Object/
INFO: [ app_init ] --START--
INFO: Run Behavior\BuildLiteBehavior [ RunTime:0.000000s ]
INFO: [ app_init ] --END-- [ RunTime:0.001000s ]
INFO: [ app_begin ] --START--
INFO: Run Behavior\ReadHtmlCacheBehavior [ RunTime:0.001000s ]
INFO: [ app_begin ] --END-- [ RunTime:0.001000s ]
NOTIC: [8] A session had already been started - ignoring session_start() C:\xampp\htdocs\Object\ThinkPHP\Common\functions.php 第 1263 行.
SQL: SHOW COLUMNS FROM `luntan` [ RunTime:0.0190s ]
SQL: SELECT COUNT(*) AS tp_count FROM `luntan` LIMIT 1   [ RunTime:0.0010s ]
SQL: SELECT * FROM `luntan` INNER JOIN users ON users.id = luntan.user_id  ORDER BY luntan_id desc LIMIT 0,4   [ RunTime:0.0010s ]
NOTIC: [8] Undefined index: users C:\xampp\htdocs\Object\Application\Home\Controller\IndexController.class.php 第 12 行.
SQL: SHOW COLUMNS FROM `attractions` [ RunTime:0.0190s ]
SQL: SELECT * FROM `attractions`  [ RunTime:0.0010s ]
INFO: [ view_parse ] --START--
INFO: [ template_filter ] --START--
INFO: Run Behavior\ContentReplaceBehavior [ RunTime:0.000000s ]
INFO: [ template_filter ] --END-- [ RunTime:0.000000s ]
INFO: Run Behavior\ParseTemplateBehavior [ RunTime:0.022001s ]
INFO: [ view_parse ] --END-- [ RunTime:0.022001s ]
INFO: [ view_filter ] --START--
INFO: Run Behavior\WriteHtmlCacheBehavior [ RunTime:0.000000s ]
INFO: [ view_filter ] --END-- [ RunTime:0.000000s ]
INFO: [ app_end ] --START--
INFO: Run Behavior\ShowPageTraceBehavior [ RunTime:0.002000s ]
INFO: [ app_end ] --END-- [ RunTime:0.002000s ]

[ 2017-03-31T14:39:05+08:00 ] 127.0.0.1 /Object/
INFO: [ app_init ] --START--
INFO: Run Behavior\BuildLiteBehavior [ RunTime:0.000000s ]
INFO: [ app_init ] --END-- [ RunTime:0.001000s ]
INFO: [ app_begin ] --START--
INFO: Run Behavior\ReadHtmlCacheBehavior [ RunTime:0.001000s ]
INFO: [ app_begin ] --END-- [ RunTime:0.001000s ]
NOTIC: [8] A session had already been started - ignoring session_start() C:\xampp\htdocs\Object\ThinkPHP\Common\functions.php 第 1263 行.
SQL: SHOW COLUMNS FROM `luntan` [ RunTime:0.0500s ]
SQL: SELECT COUNT(*) AS tp_count FROM `luntan` LIMIT 1   [ RunTime:0.0000s ]
SQL: SELECT * FROM `luntan` INNER JOIN users ON users.id = luntan.user_id  ORDER BY luntan_id desc LIMIT 0,4   [ RunTime:0.0010s ]
NOTIC: [8] Undefined index: users C:\xampp\htdocs\Object\Application\Home\Controller\IndexController.class.php 第 12 行.
SQL: SHOW COLUMNS FROM `attractions` [ RunTime:0.0090s ]
SQL: SELECT * FROM `attractions`  [ RunTime:0.0000s ]
INFO: [ view_parse ] --START--
INFO: [ template_filter ] --START--
INFO: Run Behavior\ContentReplaceBehavior [ RunTime:0.000000s ]
INFO: [ template_filter ] --END-- [ RunTime:0.000000s ]
INFO: Run Behavior\ParseTemplateBehavior [ RunTime:0.011001s ]
INFO: [ view_parse ] --END-- [ RunTime:0.011001s ]
INFO: [ view_filter ] --START--
INFO: Run Behavior\WriteHtmlCacheBehavior [ RunTime:0.000000s ]
INFO: [ view_filter ] --END-- [ RunTime:0.000000s ]
INFO: [ app_end ] --START--
INFO: Run Behavior\ShowPageTraceBehavior [ RunTime:0.001000s ]
INFO: [ app_end ] --END-- [ RunTime:0.001000s ]

