[ 2017-03-31T12:07:15+08:00 ] 127.0.0.1 /Object/__MODULE__/JingDian/show?x=109.286708&y=34.389107
INFO: [ app_init ] --START--
INFO: Run Behavior\BuildLiteBehavior [ RunTime:0.000000s ]
INFO: [ app_init ] --END-- [ RunTime:0.000000s ]
ERR: 无法加载模块:__MODULE__

[ 2017-03-31T12:08:13+08:00 ] 127.0.0.1 /Object/index/JingDian/show?x=109.286708&y=34.389107
INFO: [ app_init ] --START--
INFO: Run Behavior\BuildLiteBehavior [ RunTime:0.000000s ]
INFO: [ app_init ] --END-- [ RunTime:0.000000s ]
ERR: 无法加载模块:Index

[ 2017-03-31T15:46:26+08:00 ] 127.0.0.1 /Object/index/JingDian/show?x=108.932597&y=34.265473
INFO: [ app_init ] --START--
INFO: Run Behavior\BuildLiteBehavior [ RunTime:0.000000s ]
INFO: [ app_init ] --END-- [ RunTime:0.001000s ]
ERR: 无法加载模块:Index

[ 2017-03-31T15:46:35+08:00 ] 127.0.0.1 /Object/index/JingDian/show?x=108.932597&y=34.265473
INFO: [ app_init ] --START--
INFO: Run Behavior\BuildLiteBehavior [ RunTime:0.000000s ]
INFO: [ app_init ] --END-- [ RunTime:0.000000s ]
ERR: 无法加载模块:Index

[ 2017-03-31T15:46:50+08:00 ] 127.0.0.1 /Object/index/
INFO: [ app_init ] --START--
INFO: Run Behavior\BuildLiteBehavior [ RunTime:0.000000s ]
INFO: [ app_init ] --END-- [ RunTime:0.000000s ]
ERR: 无法加载模块:Index

[ 2017-03-31T15:56:16+08:00 ] 127.0.0.1 /Object/index.php/index/JingDian/show?x=108.980798&y=34.218929
INFO: [ app_init ] --START--
INFO: Run Behavior\BuildLiteBehavior [ RunTime:0.000000s ]
INFO: [ app_init ] --END-- [ RunTime:0.000000s ]
ERR: 无法加载模块:Index

[ 2017-03-31T15:56:41+08:00 ] 127.0.0.1 /Object/index.php/index/JingDian/show?x=108.980798&y=34.218929
INFO: [ app_init ] --START--
INFO: Run Behavior\BuildLiteBehavior [ RunTime:0.001000s ]
INFO: [ app_init ] --END-- [ RunTime:0.001000s ]
ERR: 无法加载模块:Index

